2014-08-12 00:59:10.543 [error] emulator Error in process <0.1818.0> on node 'whistle_apps@kazoo.viithiisys.com' with exit value: {{nocatch,{case_clause,{match,[{0,10}]}}},[{cf_exe,'-spawn_cf_module/3-fun-1-',4,[{file,"src/cf_exe.erl"},{line,622}]}]}


2014-08-12 00:59:10.543 [error] <0.1812.0>@cf_exe:3d9da448-9c80-1232-149d-f04da2bd5b56:431 action cf_automatic_cid died unexpectedly: {{nocatch,{case_clause,{match,[{0,10}]}}},[{cf_exe,'-spawn_cf_module/3-fun-1-',4,[{file,"src/cf_exe.erl"},{line,622}]}]}
2014-08-12 10:18:31.634 [error] <0.184.0> gen_server <0.184.0> terminated with reason: no try clause matching {error,{conn_failed,{error,econnrefused}}} in wh_couch_connection:maybe_reconnect/1 line 241
2014-08-12 10:18:31.635 [error] <0.184.0> CRASH REPORT Process <0.184.0> with 0 neighbours exited with reason: no try clause matching {error,{conn_failed,{error,econnrefused}}} in wh_couch_connection:maybe_reconnect/1 line 241 in gen_server:terminate/6 line 747
2014-08-12 10:18:31.636 [error] <0.178.0> Supervisor wh_couch_connection_sup had child wh_couch_connection started with wh_couch_connection:start_link({wh_couch_connection,2,"127.0.0.1",15986,[],[],false,false,true,{server,undefined,undefined,undefined,...}}) at <0.184.0> exit with reason no try clause matching {error,{conn_failed,{error,econnrefused}}} in wh_couch_connection:maybe_reconnect/1 line 241 in context child_terminated
2014-08-12 10:18:31.637 [error] <0.178.0> Supervisor wh_couch_connection_sup had child wh_couch_connection started with wh_couch_connection:start_link({wh_couch_connection,2,"127.0.0.1",15986,[],[],false,false,true,{server,undefined,undefined,undefined,...}}) at <0.184.0> exit with reason reached_max_restart_intensity in context shutdown
2014-08-12 10:18:31.637 [error] <0.171.0> Supervisor whistle_couch_sup had child wh_couch_connection_sup started with wh_couch_connection_sup:start_link() at <0.178.0> exit with reason shutdown in context child_terminated
2014-08-12 10:18:32.831 [error] <0.869.0> Supervisor {<0.869.0>,ecallmgr_fs_event_stream_sup} had child 'conference::maintenance' started with ecallmgr_fs_event_stream:start_link('freeswitch@kazoo.viithiisys.com', 'CUSTOM', 'conference::maintenance') at <0.876.0> exit with reason normal in context child_terminated
2014-08-12 10:18:32.835 [error] <0.869.0> Supervisor {<0.869.0>,ecallmgr_fs_event_stream_sup} had child 'sofia::replaced' started with ecallmgr_fs_event_stream:start_link('freeswitch@kazoo.viithiisys.com', 'CUSTOM', 'sofia::replaced') at <0.874.0> exit with reason normal in context child_terminated
2014-08-12 10:18:32.836 [error] <0.869.0> Supervisor {<0.869.0>,ecallmgr_fs_event_stream_sup} had child 'channel_move::move_released' started with ecallmgr_fs_event_stream:start_link('freeswitch@kazoo.viithiisys.com', 'CUSTOM', 'channel_move::move_released') at <0.883.0> exit with reason normal in context child_terminated
2014-08-12 10:18:32.837 [error] <0.869.0> Supervisor {<0.869.0>,ecallmgr_fs_event_stream_sup} had child 'CHANNEL_DATA' started with ecallmgr_fs_event_stream:start_link('freeswitch@kazoo.viithiisys.com', 'CHANNEL_DATA', undefined) at <0.898.0> exit with reason normal in context child_terminated
2014-08-12 10:18:32.838 [error] <0.869.0> Supervisor {<0.869.0>,ecallmgr_fs_event_stream_sup} had child 'spandsp::txfaxpageresult' started with ecallmgr_fs_event_stream:start_link('freeswitch@kazoo.viithiisys.com', 'CUSTOM', 'spandsp::txfaxpageresult') at <0.879.0> exit with reason normal in context child_terminated
2014-08-12 10:18:32.838 [error] <0.869.0> Supervisor {<0.869.0>,ecallmgr_fs_event_stream_sup} had child 'spandsp::rxfaxnegociateresult' started with ecallmgr_fs_event_stream:start_link('freeswitch@kazoo.viithiisys.com', 'CUSTOM', 'spandsp::rxfaxnegociateresult') at <0.882.0> exit with reason normal in context child_terminated
2014-08-12 10:18:32.838 [error] <0.869.0> Supervisor {<0.869.0>,ecallmgr_fs_event_stream_sup} had child 'spandsp::rxfaxnegociateresult' started with ecallmgr_fs_event_stream:start_link('freeswitch@kazoo.viithiisys.com', 'CUSTOM', 'spandsp::rxfaxnegociateresult') at <0.882.0> exit with reason reached_max_restart_intensity in context shutdown
2014-08-12 10:18:32.840 [error] <0.869.0> Supervisor {<0.869.0>,ecallmgr_fs_event_stream_sup} had child 'RECORD_START' started with ecallmgr_fs_event_stream:start_link('freeswitch@kazoo.viithiisys.com', 'RECORD_START', undefined) at <0.892.0> exit with reason normal in context shutdown_error
2014-08-12 10:18:32.840 [error] <0.869.0> Supervisor {<0.869.0>,ecallmgr_fs_event_stream_sup} had child 'DTMF' started with ecallmgr_fs_event_stream:start_link('freeswitch@kazoo.viithiisys.com', 'DTMF', undefined) at <0.891.0> exit with reason normal in context shutdown_error
2014-08-12 10:18:32.840 [error] <0.869.0> Supervisor {<0.869.0>,ecallmgr_fs_event_stream_sup} had child 'DETECTED_TONE' started with ecallmgr_fs_event_stream:start_link('freeswitch@kazoo.viithiisys.com', 'DETECTED_TONE', undefined) at <0.890.0> exit with reason normal in context shutdown_error
2014-08-12 10:18:32.841 [error] <0.869.0> Supervisor {<0.869.0>,ecallmgr_fs_event_stream_sup} had child 'CHANNEL_CREATE' started with ecallmgr_fs_event_stream:start_link('freeswitch@kazoo.viithiisys.com', 'CHANNEL_CREATE', undefined) at <0.885.0> exit with reason normal in context shutdown_error
2014-08-12 10:18:32.841 [error] <0.869.0> Supervisor {<0.869.0>,ecallmgr_fs_event_stream_sup} had child 'channel_move::move_complete' started with ecallmgr_fs_event_stream:start_link('freeswitch@kazoo.viithiisys.com', 'CUSTOM', 'channel_move::move_complete') at <0.884.0> exit with reason normal in context shutdown_error
2014-08-12 10:18:32.841 [error] <0.869.0> Supervisor {<0.869.0>,ecallmgr_fs_event_stream_sup} had child 'spandsp::rxfaxpageresult' started with ecallmgr_fs_event_stream:start_link('freeswitch@kazoo.viithiisys.com', 'CUSTOM', 'spandsp::rxfaxpageresult') at <0.880.0> exit with reason normal in context shutdown_error
2014-08-12 10:18:32.841 [error] <0.869.0> Supervisor {<0.869.0>,ecallmgr_fs_event_stream_sup} had child 'spandsp::rxfaxresult' started with ecallmgr_fs_event_stream:start_link('freeswitch@kazoo.viithiisys.com', 'CUSTOM', 'spandsp::rxfaxresult') at <0.878.0> exit with reason normal in context shutdown_error
2014-08-12 10:18:32.842 [error] <0.869.0> Supervisor {<0.869.0>,ecallmgr_fs_event_stream_sup} had child 'sofia::register' started with ecallmgr_fs_event_stream:start_link('freeswitch@kazoo.viithiisys.com', 'CUSTOM', 'sofia::register') at <0.875.0> exit with reason normal in context shutdown_error
2014-08-12 10:18:32.843 [error] <0.869.0> Supervisor {<0.869.0>,ecallmgr_fs_event_stream_sup} had child 'whistle::noop' started with ecallmgr_fs_event_stream:start_link('freeswitch@kazoo.viithiisys.com', 'CUSTOM', 'whistle::noop') at <0.870.0> exit with reason normal in context shutdown_error
2014-08-12 10:18:32.843 [error] <0.834.0> Supervisor 'freeswitch@kazoo.viithiisys.com' had child 'freeswitch@kazoo.viithiisys.com_event_stream_sup' started with ecallmgr_fs_event_stream_sup:start_link('freeswitch@kazoo.viithiisys.com', [{cookie,change_me},{client_version,<<"mod_kazoo 1.2.17-0">>}]) at <0.869.0> exit with reason shutdown in context child_terminated
2014-08-12 10:18:32.924 [critical] <0.23514.1>@ecallmgr_fs_nodes:536 recieved node down notice for freeswitch@kazoo.viithiisys.com
2014-08-12 10:18:32.927 [error] <0.834.0> Supervisor 'freeswitch@kazoo.viithiisys.com' had child 'freeswitch@kazoo.viithiisys.com_authn' started with ecallmgr_fs_authn:start_link('freeswitch@kazoo.viithiisys.com', [{cookie,change_me},{client_version,<<"mod_kazoo 1.2.17-0">>}]) at <0.842.0> exit with reason noconnection in context child_terminated
2014-08-12 10:18:32.930 [error] <0.834.0> Supervisor 'freeswitch@kazoo.viithiisys.com' had child 'freeswitch@kazoo.viithiisys.com_channel' started with ecallmgr_fs_channel:start_link('freeswitch@kazoo.viithiisys.com', [{cookie,change_me},{client_version,<<"mod_kazoo 1.2.17-0">>}]) at <0.844.0> exit with reason noconnection in context child_terminated
2014-08-12 10:18:32.932 [error] <0.834.0> Supervisor 'freeswitch@kazoo.viithiisys.com' had child 'freeswitch@kazoo.viithiisys.com_config' started with ecallmgr_fs_config:start_link('freeswitch@kazoo.viithiisys.com', [{cookie,change_me},{client_version,<<"mod_kazoo 1.2.17-0">>}]) at <0.845.0> exit with reason noconnection in context child_terminated
2014-08-12 10:18:32.934 [error] <0.834.0> Supervisor 'freeswitch@kazoo.viithiisys.com' had child 'freeswitch@kazoo.viithiisys.com_route' started with ecallmgr_fs_route:start_link('freeswitch@kazoo.viithiisys.com', [{cookie,change_me},{client_version,<<"mod_kazoo 1.2.17-0">>}]) at <0.843.0> exit with reason noconnection in context child_terminated
2014-08-12 10:18:43.814 [error] <0.108.0> Connection (<0.108.0>) closing: received hard error {'connection.close',320,<<"CONNECTION_FORCED - broker forced connection closure with reason 'shutdown'">>,0,0} from server

2014-08-12 10:18:43.823 [critical] <0.105.0>@wh_amqp_connection:00000000000:347 unable to establish command channel to amqp://guest:guest@127.0.0.1:5672, assuming connection is invalid: closing
2014-08-12 10:18:43.824 [error] <0.108.0> gen_server <0.108.0> terminated with reason: socket_closed_unexpectedly
2014-08-12 10:18:43.824 [error] <0.108.0> CRASH REPORT Process <0.108.0> with 0 neighbours exited with reason: socket_closed_unexpectedly in gen_server:terminate/6 line 747
2014-08-12 10:18:43.829 [error] <0.106.0> Supervisor {<0.106.0>,amqp_connection_sup} had child connection started with amqp_gen_connection:start_link(<0.107.0>, {amqp_params_network,<<"guest">>,<<"guest">>,<<"/">>,"127.0.0.1",5672,0,0,0,500,none,[#Fun<amqp_uri..>,...],...}) at <0.108.0> exit with reason socket_closed_unexpectedly in context child_terminated
2014-08-12 10:18:43.831 [error] <0.106.0> Supervisor {<0.106.0>,amqp_connection_sup} had child connection started with amqp_gen_connection:start_link(<0.107.0>, {amqp_params_network,<<"guest">>,<<"guest">>,<<"/">>,"127.0.0.1",5672,0,0,0,500,none,[#Fun<amqp_uri..>,...],...}) at <0.108.0> exit with reason reached_max_restart_intensity in context shutdown
2014-08-12 10:18:43.941 [error] <0.110.0> Connection (<0.110.0>) closing: received hard error {'connection.close',320,<<"CONNECTION_FORCED - broker forced connection closure with reason 'shutdown'">>,0,0} from server

2014-08-12 10:18:43.950 [critical] <0.107.0>@wh_amqp_connection:00000000000:347 unable to establish command channel to amqp://guest:guest@127.0.0.1:5672, assuming connection is invalid: closing
2014-08-12 10:18:43.950 [error] <0.110.0> gen_server <0.110.0> terminated with reason: socket_closed_unexpectedly
2014-08-12 10:18:43.950 [error] <0.110.0> CRASH REPORT Process <0.110.0> with 0 neighbours exited with reason: socket_closed_unexpectedly in gen_server:terminate/6 line 747
2014-08-12 10:18:43.952 [error] <0.108.0> Supervisor {<0.108.0>,amqp_connection_sup} had child connection started with amqp_gen_connection:start_link(<0.109.0>, {amqp_params_network,<<"guest">>,<<"guest">>,<<"/">>,"127.0.0.1",5672,0,0,0,500,none,[#Fun<amqp_uri..>,...],...}) at <0.110.0> exit with reason socket_closed_unexpectedly in context child_terminated
2014-08-12 10:18:43.953 [error] <0.108.0> Supervisor {<0.108.0>,amqp_connection_sup} had child connection started with amqp_gen_connection:start_link(<0.109.0>, {amqp_params_network,<<"guest">>,<<"guest">>,<<"/">>,"127.0.0.1",5672,0,0,0,500,none,[#Fun<amqp_uri..>,...],...}) at <0.110.0> exit with reason reached_max_restart_intensity in context shutdown
2014-08-13 00:22:11.283 [error] <0.110.0> Connection (<0.110.0>) closing: received hard error {'connection.close',320,<<"CONNECTION_FORCED - broker forced connection closure with reason 'shutdown'">>,0,0} from server

2014-08-13 00:22:11.289 [error] <0.108.0> Connection (<0.108.0>) closing: received hard error {'connection.close',320,<<"CONNECTION_FORCED - broker forced connection closure with reason 'shutdown'">>,0,0} from server

2014-08-13 00:22:11.316 [critical] <0.107.0>@wh_amqp_connection:00000000000:347 unable to establish command channel to amqp://guest:guest@127.0.0.1:5672, assuming connection is invalid: not_connected
2014-08-13 00:22:11.318 [critical] <0.105.0>@wh_amqp_connection:00000000000:347 unable to establish command channel to amqp://guest:guest@127.0.0.1:5672, assuming connection is invalid: not_connected
2014-08-13 00:22:19.083 [error] <0.384.0> gen_server wh_gen_changes_offnet terminated with reason: connection_closed
2014-08-13 00:22:19.084 [error] <0.384.0> CRASH REPORT Process wh_gen_changes_offnet with 0 neighbours exited with reason: connection_closed in gen_server:terminate/6 line 747
2014-08-13 00:22:19.085 [error] <0.393.0> gen_server wh_gen_changes_system_config terminated with reason: connection_closed
2014-08-13 00:22:19.085 [error] <0.393.0> CRASH REPORT Process wh_gen_changes_system_config with 0 neighbours exited with reason: connection_closed in gen_server:terminate/6 line 747
2014-08-13 00:22:19.085 [error] <0.184.0> Supervisor wh_change_handler_sup had child wh_change_handler started with wh_change_handler:start_link({db,{server,"127.0.0.1",15984,[],[{max_sessions,512},{max_pipeline_size,10},{connect_timeout,500}]},...}, []) at <0.384.0> exit with reason connection_closed in context child_terminated
2014-08-13 00:22:19.086 [error] <0.184.0> Supervisor wh_change_handler_sup had child wh_change_handler started with wh_change_handler:start_link({db,{server,"127.0.0.1",15984,[],[{max_sessions,512},{max_pipeline_size,10},{connect_timeout,500}]},...}, []) at <0.393.0> exit with reason connection_closed in context child_terminated
2014-08-13 06:49:04.366 [error] <0.867.0> Supervisor {<0.867.0>,ecallmgr_fs_event_stream_sup} had child 'CHANNEL_BRIDGE' started with ecallmgr_fs_event_stream:start_link('freeswitch@kazoo.viithiisys.com', 'CHANNEL_BRIDGE', undefined) at <0.892.0> exit with reason normal in context child_terminated
2014-08-13 06:49:04.390 [error] <0.867.0> Supervisor {<0.867.0>,ecallmgr_fs_event_stream_sup} had child 'sofia::replaced' started with ecallmgr_fs_event_stream:start_link('freeswitch@kazoo.viithiisys.com', 'CUSTOM', 'sofia::replaced') at <0.872.0> exit with reason normal in context child_terminated
2014-08-13 06:49:04.460 [error] <0.867.0> Supervisor {<0.867.0>,ecallmgr_fs_event_stream_sup} had child 'CHANNEL_UNBRIDGE' started with ecallmgr_fs_event_stream:start_link('freeswitch@kazoo.viithiisys.com', 'CHANNEL_UNBRIDGE', undefined) at <0.893.0> exit with reason normal in context child_terminated
2014-08-13 06:49:04.479 [error] <0.867.0> Supervisor {<0.867.0>,ecallmgr_fs_event_stream_sup} had child 'spandsp::txfaxpageresult' started with ecallmgr_fs_event_stream:start_link('freeswitch@kazoo.viithiisys.com', 'CUSTOM', 'spandsp::txfaxpageresult') at <0.877.0> exit with reason normal in context child_terminated
2014-08-13 06:49:04.494 [error] <0.867.0> Supervisor {<0.867.0>,ecallmgr_fs_event_stream_sup} had child 'sofia::transferee' started with ecallmgr_fs_event_stream:start_link('freeswitch@kazoo.viithiisys.com', 'CUSTOM', 'sofia::transferee') at <0.871.0> exit with reason normal in context child_terminated
2014-08-13 06:49:04.576 [error] <0.867.0> Supervisor {<0.867.0>,ecallmgr_fs_event_stream_sup} had child 'sofia::transferor' started with ecallmgr_fs_event_stream:start_link('freeswitch@kazoo.viithiisys.com', 'CUSTOM', 'sofia::transferor') at <0.870.0> exit with reason normal in context child_terminated
2014-08-13 06:49:04.579 [error] <0.867.0> Supervisor {<0.867.0>,ecallmgr_fs_event_stream_sup} had child 'sofia::transferor' started with ecallmgr_fs_event_stream:start_link('freeswitch@kazoo.viithiisys.com', 'CUSTOM', 'sofia::transferor') at <0.870.0> exit with reason reached_max_restart_intensity in context shutdown
2014-08-13 06:49:04.580 [error] <0.867.0> Supervisor {<0.867.0>,ecallmgr_fs_event_stream_sup} had child 'CALL_SECURE' started with ecallmgr_fs_event_stream:start_link('freeswitch@kazoo.viithiisys.com', 'CALL_SECURE', undefined) at <0.897.0> exit with reason normal in context shutdown_error
2014-08-13 06:49:04.581 [error] <0.867.0> Supervisor {<0.867.0>,ecallmgr_fs_event_stream_sup} had child 'CHANNEL_DATA' started with ecallmgr_fs_event_stream:start_link('freeswitch@kazoo.viithiisys.com', 'CHANNEL_DATA', undefined) at <0.896.0> exit with reason normal in context shutdown_error
2014-08-13 06:49:04.582 [error] <0.867.0> Supervisor {<0.867.0>,ecallmgr_fs_event_stream_sup} had child 'CHANNEL_EXECUTE_COMPLETE' started with ecallmgr_fs_event_stream:start_link('freeswitch@kazoo.viithiisys.com', 'CHANNEL_EXECUTE_COMPLETE', undefined) at <0.895.0> exit with reason normal in context shutdown_error
2014-08-13 06:49:04.583 [error] <0.867.0> Supervisor {<0.867.0>,ecallmgr_fs_event_stream_sup} had child 'CHANNEL_EXECUTE' started with ecallmgr_fs_event_stream:start_link('freeswitch@kazoo.viithiisys.com', 'CHANNEL_EXECUTE', undefined) at <0.894.0> exit with reason normal in context shutdown_error
2014-08-13 06:49:04.584 [error] <0.867.0> Supervisor {<0.867.0>,ecallmgr_fs_event_stream_sup} had child 'RECORD_STOP' started with ecallmgr_fs_event_stream:start_link('freeswitch@kazoo.viithiisys.com', 'RECORD_STOP', undefined) at <0.891.0> exit with reason normal in context shutdown_error
2014-08-13 06:49:04.585 [error] <0.867.0> Supervisor {<0.867.0>,ecallmgr_fs_event_stream_sup} had child 'RECORD_START' started with ecallmgr_fs_event_stream:start_link('freeswitch@kazoo.viithiisys.com', 'RECORD_START', undefined) at <0.890.0> exit with reason normal in context shutdown_error
2014-08-13 06:49:04.586 [error] <0.867.0> Supervisor {<0.867.0>,ecallmgr_fs_event_stream_sup} had child 'DTMF' started with ecallmgr_fs_event_stream:start_link('freeswitch@kazoo.viithiisys.com', 'DTMF', undefined) at <0.889.0> exit with reason normal in context shutdown_error
2014-08-13 06:49:04.587 [error] <0.867.0> Supervisor {<0.867.0>,ecallmgr_fs_event_stream_sup} had child 'DETECTED_TONE' started with ecallmgr_fs_event_stream:start_link('freeswitch@kazoo.viithiisys.com', 'DETECTED_TONE', undefined) at <0.888.0> exit with reason normal in context shutdown_error
2014-08-13 06:49:04.588 [error] <0.867.0> Supervisor {<0.867.0>,ecallmgr_fs_event_stream_sup} had child 'CALL_UPDATE' started with ecallmgr_fs_event_stream:start_link('freeswitch@kazoo.viithiisys.com', 'CALL_UPDATE', undefined) at <0.887.0> exit with reason normal in context shutdown_error
2014-08-13 06:49:04.589 [error] <0.867.0> Supervisor {<0.867.0>,ecallmgr_fs_event_stream_sup} had child 'CHANNEL_ANSWER' started with ecallmgr_fs_event_stream:start_link('freeswitch@kazoo.viithiisys.com', 'CHANNEL_ANSWER', undefined) at <0.886.0> exit with reason normal in context shutdown_error
2014-08-13 06:49:04.590 [error] <0.867.0> Supervisor {<0.867.0>,ecallmgr_fs_event_stream_sup} had child 'CHANNEL_DESTROY' started with ecallmgr_fs_event_stream:start_link('freeswitch@kazoo.viithiisys.com', 'CHANNEL_DESTROY', undefined) at <0.885.0> exit with reason normal in context shutdown_error
2014-08-13 06:49:04.591 [error] <0.867.0> Supervisor {<0.867.0>,ecallmgr_fs_event_stream_sup} had child 'CHANNEL_PROGRESS_MEDIA' started with ecallmgr_fs_event_stream:start_link('freeswitch@kazoo.viithiisys.com', 'CHANNEL_PROGRESS_MEDIA', undefined) at <0.884.0> exit with reason normal in context shutdown_error
2014-08-13 06:49:04.592 [error] <0.867.0> Supervisor {<0.867.0>,ecallmgr_fs_event_stream_sup} had child 'channel_move::move_complete' started with ecallmgr_fs_event_stream:start_link('freeswitch@kazoo.viithiisys.com', 'CUSTOM', 'channel_move::move_complete') at <0.882.0> exit with reason normal in context shutdown_error
2014-08-13 06:49:04.593 [error] <0.867.0> Supervisor {<0.867.0>,ecallmgr_fs_event_stream_sup} had child 'channel_move::move_released' started with ecallmgr_fs_event_stream:start_link('freeswitch@kazoo.viithiisys.com', 'CUSTOM', 'channel_move::move_released') at <0.881.0> exit with reason normal in context shutdown_error
2014-08-13 06:49:04.594 [error] <0.867.0> Supervisor {<0.867.0>,ecallmgr_fs_event_stream_sup} had child 'spandsp::rxfaxnegociateresult' started with ecallmgr_fs_event_stream:start_link('freeswitch@kazoo.viithiisys.com', 'CUSTOM', 'spandsp::rxfaxnegociateresult') at <0.880.0> exit with reason normal in context shutdown_error
2014-08-13 06:49:04.596 [error] <0.867.0> Supervisor {<0.867.0>,ecallmgr_fs_event_stream_sup} had child 'spandsp::txfaxnegociateresult' started with ecallmgr_fs_event_stream:start_link('freeswitch@kazoo.viithiisys.com', 'CUSTOM', 'spandsp::txfaxnegociateresult') at <0.879.0> exit with reason normal in context shutdown_error
2014-08-13 06:49:04.597 [error] <0.867.0> Supervisor {<0.867.0>,ecallmgr_fs_event_stream_sup} had child 'spandsp::rxfaxpageresult' started with ecallmgr_fs_event_stream:start_link('freeswitch@kazoo.viithiisys.com', 'CUSTOM', 'spandsp::rxfaxpageresult') at <0.878.0> exit with reason normal in context shutdown_error
2014-08-13 06:49:04.598 [error] <0.867.0> Supervisor {<0.867.0>,ecallmgr_fs_event_stream_sup} had child 'spandsp::rxfaxresult' started with ecallmgr_fs_event_stream:start_link('freeswitch@kazoo.viithiisys.com', 'CUSTOM', 'spandsp::rxfaxresult') at <0.876.0> exit with reason normal in context shutdown_error
2014-08-13 06:49:04.600 [error] <0.867.0> Supervisor {<0.867.0>,ecallmgr_fs_event_stream_sup} had child 'spandsp::txfaxresult' started with ecallmgr_fs_event_stream:start_link('freeswitch@kazoo.viithiisys.com', 'CUSTOM', 'spandsp::txfaxresult') at <0.875.0> exit with reason normal in context shutdown_error
2014-08-13 06:49:04.600 [error] <0.867.0> Supervisor {<0.867.0>,ecallmgr_fs_event_stream_sup} had child 'conference::maintenance' started with ecallmgr_fs_event_stream:start_link('freeswitch@kazoo.viithiisys.com', 'CUSTOM', 'conference::maintenance') at <0.874.0> exit with reason normal in context shutdown_error
2014-08-13 06:49:04.601 [error] <0.867.0> Supervisor {<0.867.0>,ecallmgr_fs_event_stream_sup} had child 'sofia::register' started with ecallmgr_fs_event_stream:start_link('freeswitch@kazoo.viithiisys.com', 'CUSTOM', 'sofia::register') at <0.873.0> exit with reason normal in context shutdown_error
2014-08-13 06:49:04.603 [error] <0.867.0> Supervisor {<0.867.0>,ecallmgr_fs_event_stream_sup} had child 'whistle::masquerade' started with ecallmgr_fs_event_stream:start_link('freeswitch@kazoo.viithiisys.com', 'CUSTOM', 'whistle::masquerade') at <0.869.0> exit with reason normal in context shutdown_error
2014-08-13 06:49:04.605 [error] <0.832.0> Supervisor 'freeswitch@kazoo.viithiisys.com' had child 'freeswitch@kazoo.viithiisys.com_event_stream_sup' started with ecallmgr_fs_event_stream_sup:start_link('freeswitch@kazoo.viithiisys.com', [{cookie,change_me},{client_version,<<"mod_kazoo 1.2.17-0">>}]) at <0.867.0> exit with reason shutdown in context child_terminated
2014-08-13 06:49:04.737 [critical] <0.1549.1>@ecallmgr_fs_nodes:536 recieved node down notice for freeswitch@kazoo.viithiisys.com
2014-08-13 06:49:04.816 [error] <0.832.0> Supervisor 'freeswitch@kazoo.viithiisys.com' had child 'freeswitch@kazoo.viithiisys.com_authn' started with ecallmgr_fs_authn:start_link('freeswitch@kazoo.viithiisys.com', [{cookie,change_me},{client_version,<<"mod_kazoo 1.2.17-0">>}]) at <0.840.0> exit with reason noconnection in context child_terminated
2014-08-13 06:49:04.822 [error] <0.1520.1> gen_server <0.1520.1> terminated with reason: {{nodedown,'freeswitch@kazoo.viithiisys.com'},{gen_server,call,[{mod_kazoo,'freeswitch@kazoo.viithiisys.com'},{event,['CUSTOM','whistle::masquerade']},2000]}}
2014-08-13 06:49:04.824 [error] <0.1520.1> CRASH REPORT Process <0.1520.1> with 0 neighbours exited with reason: {{nodedown,'freeswitch@kazoo.viithiisys.com'},{gen_server,call,[{mod_kazoo,'freeswitch@kazoo.viithiisys.com'},{event,['CUSTOM','whistle::masquerade']},2000]}} in gen_server:terminate/6 line 747
2014-08-13 06:49:04.825 [error] <0.1519.1> gen_server <0.1519.1> terminated with reason: {{nodedown,'freeswitch@kazoo.viithiisys.com'},{gen_server,call,[{mod_kazoo,'freeswitch@kazoo.viithiisys.com'},{event,['CUSTOM','whistle::noop']},2000]}}
2014-08-13 06:49:04.829 [error] <0.1519.1> CRASH REPORT Process <0.1519.1> with 0 neighbours exited with reason: {{nodedown,'freeswitch@kazoo.viithiisys.com'},{gen_server,call,[{mod_kazoo,'freeswitch@kazoo.viithiisys.com'},{event,['CUSTOM','whistle::noop']},2000]}} in gen_server:terminate/6 line 747
2014-08-13 06:49:04.830 [error] <0.1522.1> gen_server <0.1522.1> terminated with reason: {{nodedown,'freeswitch@kazoo.viithiisys.com'},{gen_server,call,[{mod_kazoo,'freeswitch@kazoo.viithiisys.com'},{event,['CUSTOM','sofia::transferee']},2000]}}
2014-08-13 06:49:04.831 [critical] <0.1551.1>@ecallmgr_fs_authn:freeswitch@kazoo.viithiisys.com:104 unable to establish directory bindings: exception
2014-08-13 06:49:04.835 [error] <0.1522.1> CRASH REPORT Process <0.1522.1> with 0 neighbours exited with reason: {{nodedown,'freeswitch@kazoo.viithiisys.com'},{gen_server,call,[{mod_kazoo,'freeswitch@kazoo.viithiisys.com'},{event,['CUSTOM','sofia::transferee']},2000]}} in gen_server:terminate/6 line 747
2014-08-13 06:49:04.843 [error] <0.1524.1> gen_server <0.1524.1> terminated with reason: {{nodedown,'freeswitch@kazoo.viithiisys.com'},{gen_server,call,[{mod_kazoo,'freeswitch@kazoo.viithiisys.com'},{event,['CUSTOM','sofia::register']},2000]}}
2014-08-13 06:49:04.845 [error] <0.1524.1> CRASH REPORT Process <0.1524.1> with 0 neighbours exited with reason: {{nodedown,'freeswitch@kazoo.viithiisys.com'},{gen_server,call,[{mod_kazoo,'freeswitch@kazoo.viithiisys.com'},{event,['CUSTOM','sofia::register']},2000]}} in gen_server:terminate/6 line 747
2014-08-13 06:49:04.847 [error] <0.1523.1> gen_server <0.1523.1> terminated with reason: {{nodedown,'freeswitch@kazoo.viithiisys.com'},{gen_server,call,[{mod_kazoo,'freeswitch@kazoo.viithiisys.com'},{event,['CUSTOM','sofia::replaced']},2000]}}
2014-08-13 06:49:04.847 [error] <0.1523.1> CRASH REPORT Process <0.1523.1> with 0 neighbours exited with reason: {{nodedown,'freeswitch@kazoo.viithiisys.com'},{gen_server,call,[{mod_kazoo,'freeswitch@kazoo.viithiisys.com'},{event,['CUSTOM','sofia::replaced']},2000]}} in gen_server:terminate/6 line 747
2014-08-13 06:49:04.850 [error] <0.1521.1> gen_server <0.1521.1> terminated with reason: {{nodedown,'freeswitch@kazoo.viithiisys.com'},{gen_server,call,[{mod_kazoo,'freeswitch@kazoo.viithiisys.com'},{event,['CUSTOM','sofia::transferor']},2000]}}
2014-08-13 06:49:04.851 [error] <0.1521.1> CRASH REPORT Process <0.1521.1> with 0 neighbours exited with reason: {{nodedown,'freeswitch@kazoo.viithiisys.com'},{gen_server,call,[{mod_kazoo,'freeswitch@kazoo.viithiisys.com'},{event,['CUSTOM','sofia::transferor']},2000]}} in gen_server:terminate/6 line 747
2014-08-13 06:49:04.854 [error] <0.832.0> Supervisor 'freeswitch@kazoo.viithiisys.com' had child 'freeswitch@kazoo.viithiisys.com_channel' started with ecallmgr_fs_channel:start_link('freeswitch@kazoo.viithiisys.com', [{cookie,change_me},{client_version,<<"mod_kazoo 1.2.17-0">>}]) at <0.842.0> exit with reason noconnection in context child_terminated
2014-08-13 06:49:04.854 [critical] <0.1557.1>@ecallmgr_fs_config:freeswitch@kazoo.viithiisys.com:100 unable to establish config bindings: exception
2014-08-13 06:49:04.855 [critical] <0.1560.1>@ecallmgr_fs_route:freeswitch@kazoo.viithiisys.com:101 unable to establish route bindings: exception
2014-08-13 06:49:04.858 [error] <0.1518.1> Supervisor {<0.1518.1>,ecallmgr_fs_event_stream_sup} had child 'whistle::masquerade' started with ecallmgr_fs_event_stream:start_link('freeswitch@kazoo.viithiisys.com', 'CUSTOM', 'whistle::masquerade') at <0.1520.1> exit with reason {{nodedown,'freeswitch@kazoo.viithiisys.com'},{gen_server,call,[{mod_kazoo,'freeswitch@kazoo.viithiisys.com'},{event,['CUSTOM','whistle::masquerade']},2000]}} in context child_terminated
2014-08-13 06:49:04.859 [error] <0.1526.1> gen_server <0.1526.1> terminated with reason: {{nodedown,'freeswitch@kazoo.viithiisys.com'},{gen_server,call,[{mod_kazoo,'freeswitch@kazoo.viithiisys.com'},{event,['CUSTOM','spandsp::txfaxresult']},2000]}}
2014-08-13 06:49:04.860 [error] <0.1526.1> CRASH REPORT Process <0.1526.1> with 0 neighbours exited with reason: {{nodedown,'freeswitch@kazoo.viithiisys.com'},{gen_server,call,[{mod_kazoo,'freeswitch@kazoo.viithiisys.com'},{event,['CUSTOM','spandsp::txfaxresult']},2000]}} in gen_server:terminate/6 line 747
2014-08-13 06:49:04.861 [error] <0.1528.1> gen_server <0.1528.1> terminated with reason: {{nodedown,'freeswitch@kazoo.viithiisys.com'},{gen_server,call,[{mod_kazoo,'freeswitch@kazoo.viithiisys.com'},{event,['CUSTOM','spandsp::txfaxpageresult']},2000]}}
2014-08-13 06:49:04.863 [error] <0.1528.1> CRASH REPORT Process <0.1528.1> with 0 neighbours exited with reason: {{nodedown,'freeswitch@kazoo.viithiisys.com'},{gen_server,call,[{mod_kazoo,'freeswitch@kazoo.viithiisys.com'},{event,['CUSTOM','spandsp::txfaxpageresult']},2000]}} in gen_server:terminate/6 line 747
2014-08-13 06:49:04.869 [error] <0.1527.1> gen_server <0.1527.1> terminated with reason: {{nodedown,'freeswitch@kazoo.viithiisys.com'},{gen_server,call,[{mod_kazoo,'freeswitch@kazoo.viithiisys.com'},{event,['CUSTOM','spandsp::rxfaxresult']},2000]}}
2014-08-13 06:49:04.872 [error] <0.1527.1> CRASH REPORT Process <0.1527.1> with 0 neighbours exited with reason: {{nodedown,'freeswitch@kazoo.viithiisys.com'},{gen_server,call,[{mod_kazoo,'freeswitch@kazoo.viithiisys.com'},{event,['CUSTOM','spandsp::rxfaxresult']},2000]}} in gen_server:terminate/6 line 747
2014-08-13 06:49:04.873 [error] <0.1530.1> gen_server <0.1530.1> terminated with reason: {{nodedown,'freeswitch@kazoo.viithiisys.com'},{gen_server,call,[{mod_kazoo,'freeswitch@kazoo.viithiisys.com'},{event,['CUSTOM','spandsp::txfaxnegociateresult']},2000]}}
2014-08-13 06:49:04.875 [error] <0.1530.1> CRASH REPORT Process <0.1530.1> with 0 neighbours exited with reason: {{nodedown,'freeswitch@kazoo.viithiisys.com'},{gen_server,call,[{mod_kazoo,'freeswitch@kazoo.viithiisys.com'},{event,['CUSTOM','spandsp::txfaxnegociateresult']},2000]}} in gen_server:terminate/6 line 747
2014-08-13 06:49:04.879 [error] <0.1532.1> gen_server <0.1532.1> terminated with reason: {{nodedown,'freeswitch@kazoo.viithiisys.com'},{gen_server,call,[{mod_kazoo,'freeswitch@kazoo.viithiisys.com'},{event,['CUSTOM','channel_move::move_released']},2000]}}
2014-08-13 06:49:04.879 [error] <0.1532.1> CRASH REPORT Process <0.1532.1> with 0 neighbours exited with reason: {{nodedown,'freeswitch@kazoo.viithiisys.com'},{gen_server,call,[{mod_kazoo,'freeswitch@kazoo.viithiisys.com'},{event,['CUSTOM','channel_move::move_released']},2000]}} in gen_server:terminate/6 line 747
2014-08-13 06:49:04.881 [error] <0.1531.1> gen_server <0.1531.1> terminated with reason: {{nodedown,'freeswitch@kazoo.viithiisys.com'},{gen_server,call,[{mod_kazoo,'freeswitch@kazoo.viithiisys.com'},{event,['CUSTOM','spandsp::rxfaxnegociateresult']},2000]}}
2014-08-13 06:49:04.883 [error] <0.1531.1> CRASH REPORT Process <0.1531.1> with 0 neighbours exited with reason: {{nodedown,'freeswitch@kazoo.viithiisys.com'},{gen_server,call,[{mod_kazoo,'freeswitch@kazoo.viithiisys.com'},{event,['CUSTOM','spandsp::rxfaxnegociateresult']},2000]}} in gen_server:terminate/6 line 747
2014-08-13 06:49:04.884 [error] <0.1529.1> gen_server <0.1529.1> terminated with reason: {{nodedown,'freeswitch@kazoo.viithiisys.com'},{gen_server,call,[{mod_kazoo,'freeswitch@kazoo.viithiisys.com'},{event,['CUSTOM','spandsp::rxfaxpageresult']},2000]}}
2014-08-13 06:49:04.888 [error] <0.1529.1> CRASH REPORT Process <0.1529.1> with 0 neighbours exited with reason: {{nodedown,'freeswitch@kazoo.viithiisys.com'},{gen_server,call,[{mod_kazoo,'freeswitch@kazoo.viithiisys.com'},{event,['CUSTOM','spandsp::rxfaxpageresult']},2000]}} in gen_server:terminate/6 line 747
2014-08-13 06:49:04.892 [error] <0.1525.1> gen_server <0.1525.1> terminated with reason: {{nodedown,'freeswitch@kazoo.viithiisys.com'},{gen_server,call,[{mod_kazoo,'freeswitch@kazoo.viithiisys.com'},{event,['CUSTOM','conference::maintenance']},2000]}}
2014-08-13 06:49:04.896 [error] <0.1525.1> CRASH REPORT Process <0.1525.1> with 0 neighbours exited with reason: {{nodedown,'freeswitch@kazoo.viithiisys.com'},{gen_server,call,[{mod_kazoo,'freeswitch@kazoo.viithiisys.com'},{event,['CUSTOM','conference::maintenance']},2000]}} in gen_server:terminate/6 line 747
2014-08-13 06:49:04.923 [error] <0.1534.1> gen_server <0.1534.1> terminated with reason: {{nodedown,'freeswitch@kazoo.viithiisys.com'},{gen_server,call,[{mod_kazoo,'freeswitch@kazoo.viithiisys.com'},{event,['CHANNEL_CREATE']},2000]}}
2014-08-13 06:49:04.926 [error] <0.1534.1> CRASH REPORT Process <0.1534.1> with 0 neighbours exited with reason: {{nodedown,'freeswitch@kazoo.viithiisys.com'},{gen_server,call,[{mod_kazoo,'freeswitch@kazoo.viithiisys.com'},{event,['CHANNEL_CREATE']},2000]}} in gen_server:terminate/6 line 747
2014-08-13 06:49:05.282 [error] <0.1536.1> gen_server <0.1536.1> terminated with reason: {{nodedown,'freeswitch@kazoo.viithiisys.com'},{gen_server,call,[{mod_kazoo,'freeswitch@kazoo.viithiisys.com'},{event,['CHANNEL_DESTROY']},2000]}}
2014-08-13 06:49:05.287 [error] <0.1536.1> CRASH REPORT Process <0.1536.1> with 0 neighbours exited with reason: {{nodedown,'freeswitch@kazoo.viithiisys.com'},{gen_server,call,[{mod_kazoo,'freeswitch@kazoo.viithiisys.com'},{event,['CHANNEL_DESTROY']},2000]}} in gen_server:terminate/6 line 747
2014-08-13 06:49:05.289 [error] <0.1535.1> gen_server <0.1535.1> terminated with reason: {{nodedown,'freeswitch@kazoo.viithiisys.com'},{gen_server,call,[{mod_kazoo,'freeswitch@kazoo.viithiisys.com'},{event,['CHANNEL_PROGRESS_MEDIA']},2000]}}
2014-08-13 06:49:05.290 [error] <0.1535.1> CRASH REPORT Process <0.1535.1> with 0 neighbours exited with reason: {{nodedown,'freeswitch@kazoo.viithiisys.com'},{gen_server,call,[{mod_kazoo,'freeswitch@kazoo.viithiisys.com'},{event,['CHANNEL_PROGRESS_MEDIA']},2000]}} in gen_server:terminate/6 line 747
2014-08-13 06:49:05.296 [error] <0.1538.1> gen_server <0.1538.1> terminated with reason: {{nodedown,'freeswitch@kazoo.viithiisys.com'},{gen_server,call,[{mod_kazoo,'freeswitch@kazoo.viithiisys.com'},{event,['CALL_UPDATE']},2000]}}
2014-08-13 06:49:05.301 [error] <0.1538.1> CRASH REPORT Process <0.1538.1> with 0 neighbours exited with reason: {{nodedown,'freeswitch@kazoo.viithiisys.com'},{gen_server,call,[{mod_kazoo,'freeswitch@kazoo.viithiisys.com'},{event,['CALL_UPDATE']},2000]}} in gen_server:terminate/6 line 747
2014-08-13 06:49:05.302 [error] <0.1540.1> gen_server <0.1540.1> terminated with reason: {{nodedown,'freeswitch@kazoo.viithiisys.com'},{gen_server,call,[{mod_kazoo,'freeswitch@kazoo.viithiisys.com'},{event,['DTMF']},2000]}}
2014-08-13 06:49:05.302 [error] <0.1540.1> CRASH REPORT Process <0.1540.1> with 0 neighbours exited with reason: {{nodedown,'freeswitch@kazoo.viithiisys.com'},{gen_server,call,[{mod_kazoo,'freeswitch@kazoo.viithiisys.com'},{event,['DTMF']},2000]}} in gen_server:terminate/6 line 747
2014-08-13 06:49:05.309 [error] <0.1539.1> gen_server <0.1539.1> terminated with reason: {{nodedown,'freeswitch@kazoo.viithiisys.com'},{gen_server,call,[{mod_kazoo,'freeswitch@kazoo.viithiisys.com'},{event,['DETECTED_TONE']},2000]}}
2014-08-13 06:49:05.310 [error] <0.1539.1> CRASH REPORT Process <0.1539.1> with 0 neighbours exited with reason: {{nodedown,'freeswitch@kazoo.viithiisys.com'},{gen_server,call,[{mod_kazoo,'freeswitch@kazoo.viithiisys.com'},{event,['DETECTED_TONE']},2000]}} in gen_server:terminate/6 line 747
2014-08-13 06:49:05.311 [error] <0.1537.1> gen_server <0.1537.1> terminated with reason: {{nodedown,'freeswitch@kazoo.viithiisys.com'},{gen_server,call,[{mod_kazoo,'freeswitch@kazoo.viithiisys.com'},{event,['CHANNEL_ANSWER']},2000]}}
2014-08-13 06:49:05.311 [error] <0.1537.1> CRASH REPORT Process <0.1537.1> with 0 neighbours exited with reason: {{nodedown,'freeswitch@kazoo.viithiisys.com'},{gen_server,call,[{mod_kazoo,'freeswitch@kazoo.viithiisys.com'},{event,['CHANNEL_ANSWER']},2000]}} in gen_server:terminate/6 line 747
2014-08-13 06:49:05.312 [error] <0.1542.1> gen_server <0.1542.1> terminated with reason: {{nodedown,'freeswitch@kazoo.viithiisys.com'},{gen_server,call,[{mod_kazoo,'freeswitch@kazoo.viithiisys.com'},{event,['RECORD_STOP']},2000]}}
2014-08-13 06:49:05.314 [error] <0.1542.1> CRASH REPORT Process <0.1542.1> with 0 neighbours exited with reason: {{nodedown,'freeswitch@kazoo.viithiisys.com'},{gen_server,call,[{mod_kazoo,'freeswitch@kazoo.viithiisys.com'},{event,['RECORD_STOP']},2000]}} in gen_server:terminate/6 line 747
2014-08-13 06:49:05.314 [error] <0.1544.1> gen_server <0.1544.1> terminated with reason: {{nodedown,'freeswitch@kazoo.viithiisys.com'},{gen_server,call,[{mod_kazoo,'freeswitch@kazoo.viithiisys.com'},{event,['CHANNEL_UNBRIDGE']},2000]}}
2014-08-13 06:49:05.315 [error] <0.1544.1> CRASH REPORT Process <0.1544.1> with 0 neighbours exited with reason: {{nodedown,'freeswitch@kazoo.viithiisys.com'},{gen_server,call,[{mod_kazoo,'freeswitch@kazoo.viithiisys.com'},{event,['CHANNEL_UNBRIDGE']},2000]}} in gen_server:terminate/6 line 747
2014-08-13 06:49:05.324 [error] <0.1543.1> gen_server <0.1543.1> terminated with reason: {{nodedown,'freeswitch@kazoo.viithiisys.com'},{gen_server,call,[{mod_kazoo,'freeswitch@kazoo.viithiisys.com'},{event,['CHANNEL_BRIDGE']},2000]}}
2014-08-13 06:49:05.325 [error] <0.1543.1> CRASH REPORT Process <0.1543.1> with 0 neighbours exited with reason: {{nodedown,'freeswitch@kazoo.viithiisys.com'},{gen_server,call,[{mod_kazoo,'freeswitch@kazoo.viithiisys.com'},{event,['CHANNEL_BRIDGE']},2000]}} in gen_server:terminate/6 line 747
2014-08-13 06:49:05.329 [error] <0.1546.1> gen_server <0.1546.1> terminated with reason: {{nodedown,'freeswitch@kazoo.viithiisys.com'},{gen_server,call,[{mod_kazoo,'freeswitch@kazoo.viithiisys.com'},{event,['CHANNEL_EXECUTE_COMPLETE']},2000]}}
2014-08-13 06:49:05.330 [error] <0.1546.1> CRASH REPORT Process <0.1546.1> with 0 neighbours exited with reason: {{nodedown,'freeswitch@kazoo.viithiisys.com'},{gen_server,call,[{mod_kazoo,'freeswitch@kazoo.viithiisys.com'},{event,['CHANNEL_EXECUTE_COMPLETE']},2000]}} in gen_server:terminate/6 line 747
2014-08-13 06:49:05.331 [error] <0.1548.1> gen_server <0.1548.1> terminated with reason: {{nodedown,'freeswitch@kazoo.viithiisys.com'},{gen_server,call,[{mod_kazoo,'freeswitch@kazoo.viithiisys.com'},{event,['CALL_SECURE']},2000]}}
2014-08-13 06:49:05.332 [error] <0.1548.1> CRASH REPORT Process <0.1548.1> with 0 neighbours exited with reason: {{nodedown,'freeswitch@kazoo.viithiisys.com'},{gen_server,call,[{mod_kazoo,'freeswitch@kazoo.viithiisys.com'},{event,['CALL_SECURE']},2000]}} in gen_server:terminate/6 line 747
2014-08-13 06:49:05.337 [error] <0.1547.1> gen_server <0.1547.1> terminated with reason: {{nodedown,'freeswitch@kazoo.viithiisys.com'},{gen_server,call,[{mod_kazoo,'freeswitch@kazoo.viithiisys.com'},{event,['CHANNEL_DATA']},2000]}}
2014-08-13 06:49:05.338 [error] <0.1547.1> CRASH REPORT Process <0.1547.1> with 0 neighbours exited with reason: {{nodedown,'freeswitch@kazoo.viithiisys.com'},{gen_server,call,[{mod_kazoo,'freeswitch@kazoo.viithiisys.com'},{event,['CHANNEL_DATA']},2000]}} in gen_server:terminate/6 line 747
2014-08-13 06:49:05.338 [error] <0.1545.1> gen_server <0.1545.1> terminated with reason: {{nodedown,'freeswitch@kazoo.viithiisys.com'},{gen_server,call,[{mod_kazoo,'freeswitch@kazoo.viithiisys.com'},{event,['CHANNEL_EXECUTE']},2000]}}
2014-08-13 06:49:05.345 [error] <0.1545.1> CRASH REPORT Process <0.1545.1> with 0 neighbours exited with reason: {{nodedown,'freeswitch@kazoo.viithiisys.com'},{gen_server,call,[{mod_kazoo,'freeswitch@kazoo.viithiisys.com'},{event,['CHANNEL_EXECUTE']},2000]}} in gen_server:terminate/6 line 747
2014-08-13 06:49:05.356 [error] <0.1541.1> gen_server <0.1541.1> terminated with reason: {{nodedown,'freeswitch@kazoo.viithiisys.com'},{gen_server,call,[{mod_kazoo,'freeswitch@kazoo.viithiisys.com'},{event,['RECORD_START']},2000]}}
2014-08-13 06:49:05.649 [error] <0.1541.1> CRASH REPORT Process <0.1541.1> with 0 neighbours exited with reason: {{nodedown,'freeswitch@kazoo.viithiisys.com'},{gen_server,call,[{mod_kazoo,'freeswitch@kazoo.viithiisys.com'},{event,['RECORD_START']},2000]}} in gen_server:terminate/6 line 747
2014-08-13 06:49:05.652 [error] <0.1533.1> gen_server <0.1533.1> terminated with reason: {{nodedown,'freeswitch@kazoo.viithiisys.com'},{gen_server,call,[{mod_kazoo,'freeswitch@kazoo.viithiisys.com'},{event,['CUSTOM','channel_move::move_complete']},2000]}}
2014-08-13 06:49:05.655 [error] <0.1533.1> CRASH REPORT Process <0.1533.1> with 0 neighbours exited with reason: {{nodedown,'freeswitch@kazoo.viithiisys.com'},{gen_server,call,[{mod_kazoo,'freeswitch@kazoo.viithiisys.com'},{event,['CUSTOM','channel_move::move_complete']},2000]}} in gen_server:terminate/6 line 747
2014-08-13 06:49:05.661 [error] <0.832.0> Supervisor 'freeswitch@kazoo.viithiisys.com' had child 'freeswitch@kazoo.viithiisys.com_config' started with ecallmgr_fs_config:start_link('freeswitch@kazoo.viithiisys.com', [{cookie,change_me},{client_version,<<"mod_kazoo 1.2.17-0">>}]) at <0.843.0> exit with reason noconnection in context child_terminated
2014-08-13 06:49:05.669 [error] <0.1518.1> Supervisor {<0.1518.1>,ecallmgr_fs_event_stream_sup} had child 'whistle::noop' started with ecallmgr_fs_event_stream:start_link('freeswitch@kazoo.viithiisys.com', 'CUSTOM', 'whistle::noop') at <0.1519.1> exit with reason {{nodedown,'freeswitch@kazoo.viithiisys.com'},{gen_server,call,[{mod_kazoo,'freeswitch@kazoo.viithiisys.com'},{event,['CUSTOM','whistle::noop']},2000]}} in context child_terminated
2014-08-13 06:49:05.670 [error] <0.1551.1> gen_server <0.1551.1> terminated with reason: exception
2014-08-13 06:49:05.676 [error] <0.1555.1> gen_server <0.1555.1> terminated with reason: {{nodedown,'freeswitch@kazoo.viithiisys.com'},{gen_server,call,[{mod_kazoo,'freeswitch@kazoo.viithiisys.com'},{event,['CUSTOM','whistle::masquerade']},2000]}}
2014-08-13 06:49:05.677 [error] <0.1555.1> CRASH REPORT Process <0.1555.1> with 0 neighbours exited with reason: {{nodedown,'freeswitch@kazoo.viithiisys.com'},{gen_server,call,[{mod_kazoo,'freeswitch@kazoo.viithiisys.com'},{event,['CUSTOM','whistle::masquerade']},2000]}} in gen_server:terminate/6 line 747
2014-08-13 06:49:05.677 [error] <0.1551.1> CRASH REPORT Process <0.1551.1> with 0 neighbours exited with reason: exception in gen_server:terminate/6 line 747
2014-08-13 06:49:05.678 [error] <0.832.0> Supervisor 'freeswitch@kazoo.viithiisys.com' had child 'freeswitch@kazoo.viithiisys.com_route' started with ecallmgr_fs_route:start_link('freeswitch@kazoo.viithiisys.com', [{cookie,change_me},{client_version,<<"mod_kazoo 1.2.17-0">>}]) at <0.841.0> exit with reason noconnection in context child_terminated
2014-08-13 06:49:05.681 [error] <0.1518.1> Supervisor {<0.1518.1>,ecallmgr_fs_event_stream_sup} had child 'sofia::transferee' started with ecallmgr_fs_event_stream:start_link('freeswitch@kazoo.viithiisys.com', 'CUSTOM', 'sofia::transferee') at <0.1522.1> exit with reason {{nodedown,'freeswitch@kazoo.viithiisys.com'},{gen_server,call,[{mod_kazoo,'freeswitch@kazoo.viithiisys.com'},{event,['CUSTOM','sofia::transferee']},2000]}} in context child_terminated
2014-08-13 06:49:05.683 [error] <0.1518.1> Supervisor {<0.1518.1>,ecallmgr_fs_event_stream_sup} had child 'sofia::register' started with ecallmgr_fs_event_stream:start_link('freeswitch@kazoo.viithiisys.com', 'CUSTOM', 'sofia::register') at <0.1524.1> exit with reason {{nodedown,'freeswitch@kazoo.viithiisys.com'},{gen_server,call,[{mod_kazoo,'freeswitch@kazoo.viithiisys.com'},{event,['CUSTOM','sofia::register']},2000]}} in context child_terminated
2014-08-13 06:49:05.683 [error] <0.1558.1> gen_server <0.1558.1> terminated with reason: {{nodedown,'freeswitch@kazoo.viithiisys.com'},{gen_server,call,[{mod_kazoo,'freeswitch@kazoo.viithiisys.com'},{event,['CUSTOM','whistle::noop']},2000]}}
2014-08-13 06:49:05.683 [error] <0.1558.1> CRASH REPORT Process <0.1558.1> with 0 neighbours exited with reason: {{nodedown,'freeswitch@kazoo.viithiisys.com'},{gen_server,call,[{mod_kazoo,'freeswitch@kazoo.viithiisys.com'},{event,['CUSTOM','whistle::noop']},2000]}} in gen_server:terminate/6 line 747
2014-08-13 06:49:05.684 [error] <0.1561.1> gen_server <0.1561.1> terminated with reason: {{nodedown,'freeswitch@kazoo.viithiisys.com'},{gen_server,call,[{mod_kazoo,'freeswitch@kazoo.viithiisys.com'},{event,['CUSTOM','sofia::transferee']},2000]}}
2014-08-13 06:49:05.684 [error] <0.1561.1> CRASH REPORT Process <0.1561.1> with 0 neighbours exited with reason: {{nodedown,'freeswitch@kazoo.viithiisys.com'},{gen_server,call,[{mod_kazoo,'freeswitch@kazoo.viithiisys.com'},{event,['CUSTOM','sofia::transferee']},2000]}} in gen_server:terminate/6 line 747
2014-08-13 06:49:05.684 [error] <0.1557.1> gen_server <0.1557.1> terminated with reason: exception
2014-08-13 06:49:05.685 [error] <0.1557.1> CRASH REPORT Process <0.1557.1> with 0 neighbours exited with reason: exception in gen_server:terminate/6 line 747
2014-08-13 06:49:05.685 [error] <0.1560.1> gen_server <0.1560.1> terminated with reason: exception
2014-08-13 06:49:05.685 [error] <0.1560.1> CRASH REPORT Process <0.1560.1> with 0 neighbours exited with reason: exception in gen_server:terminate/6 line 747
2014-08-13 06:49:05.686 [error] <0.1518.1> Supervisor {<0.1518.1>,ecallmgr_fs_event_stream_sup} had child 'sofia::replaced' started with ecallmgr_fs_event_stream:start_link('freeswitch@kazoo.viithiisys.com', 'CUSTOM', 'sofia::replaced') at <0.1523.1> exit with reason {{nodedown,'freeswitch@kazoo.viithiisys.com'},{gen_server,call,[{mod_kazoo,'freeswitch@kazoo.viithiisys.com'},{event,['CUSTOM','sofia::replaced']},2000]}} in context child_terminated
2014-08-13 06:49:05.688 [error] <0.1518.1> Supervisor {<0.1518.1>,ecallmgr_fs_event_stream_sup} had child 'sofia::transferor' started with ecallmgr_fs_event_stream:start_link('freeswitch@kazoo.viithiisys.com', 'CUSTOM', 'sofia::transferor') at <0.1521.1> exit with reason {{nodedown,'freeswitch@kazoo.viithiisys.com'},{gen_server,call,[{mod_kazoo,'freeswitch@kazoo.viithiisys.com'},{event,['CUSTOM','sofia::transferor']},2000]}} in context child_terminated
2014-08-13 06:49:05.688 [error] <0.1518.1> Supervisor {<0.1518.1>,ecallmgr_fs_event_stream_sup} had child 'sofia::transferor' started with ecallmgr_fs_event_stream:start_link('freeswitch@kazoo.viithiisys.com', 'CUSTOM', 'sofia::transferor') at <0.1521.1> exit with reason reached_max_restart_intensity in context shutdown
2014-08-13 06:49:05.690 [error] <0.1518.1> Supervisor {<0.1518.1>,ecallmgr_fs_event_stream_sup} had child 'CALL_SECURE' started with ecallmgr_fs_event_stream:start_link('freeswitch@kazoo.viithiisys.com', 'CALL_SECURE', undefined) at <0.1548.1> exit with reason {{nodedown,'freeswitch@kazoo.viithiisys.com'},{gen_server,call,[{mod_kazoo,'freeswitch@kazoo.viithiisys.com'},{event,['CALL_SECURE']},2000]}} in context shutdown_error
2014-08-13 06:49:05.690 [error] <0.1518.1> Supervisor {<0.1518.1>,ecallmgr_fs_event_stream_sup} had child 'CHANNEL_DATA' started with ecallmgr_fs_event_stream:start_link('freeswitch@kazoo.viithiisys.com', 'CHANNEL_DATA', undefined) at <0.1547.1> exit with reason {{nodedown,'freeswitch@kazoo.viithiisys.com'},{gen_server,call,[{mod_kazoo,'freeswitch@kazoo.viithiisys.com'},{event,['CHANNEL_DATA']},2000]}} in context shutdown_error
2014-08-13 06:49:05.691 [error] <0.1518.1> Supervisor {<0.1518.1>,ecallmgr_fs_event_stream_sup} had child 'CHANNEL_EXECUTE_COMPLETE' started with ecallmgr_fs_event_stream:start_link('freeswitch@kazoo.viithiisys.com', 'CHANNEL_EXECUTE_COMPLETE', undefined) at <0.1546.1> exit with reason {{nodedown,'freeswitch@kazoo.viithiisys.com'},{gen_server,call,[{mod_kazoo,'freeswitch@kazoo.viithiisys.com'},{event,['CHANNEL_EXECUTE_COMPLETE']},2000]}} in context shutdown_error
2014-08-13 06:49:05.692 [error] <0.1518.1> Supervisor {<0.1518.1>,ecallmgr_fs_event_stream_sup} had child 'CHANNEL_EXECUTE' started with ecallmgr_fs_event_stream:start_link('freeswitch@kazoo.viithiisys.com', 'CHANNEL_EXECUTE', undefined) at <0.1545.1> exit with reason {{nodedown,'freeswitch@kazoo.viithiisys.com'},{gen_server,call,[{mod_kazoo,'freeswitch@kazoo.viithiisys.com'},{event,['CHANNEL_EXECUTE']},2000]}} in context shutdown_error
2014-08-13 06:49:05.692 [error] <0.1518.1> Supervisor {<0.1518.1>,ecallmgr_fs_event_stream_sup} had child 'CHANNEL_UNBRIDGE' started with ecallmgr_fs_event_stream:start_link('freeswitch@kazoo.viithiisys.com', 'CHANNEL_UNBRIDGE', undefined) at <0.1544.1> exit with reason {{nodedown,'freeswitch@kazoo.viithiisys.com'},{gen_server,call,[{mod_kazoo,'freeswitch@kazoo.viithiisys.com'},{event,['CHANNEL_UNBRIDGE']},2000]}} in context shutdown_error
2014-08-13 06:49:05.693 [error] <0.1518.1> Supervisor {<0.1518.1>,ecallmgr_fs_event_stream_sup} had child 'CHANNEL_BRIDGE' started with ecallmgr_fs_event_stream:start_link('freeswitch@kazoo.viithiisys.com', 'CHANNEL_BRIDGE', undefined) at <0.1543.1> exit with reason {{nodedown,'freeswitch@kazoo.viithiisys.com'},{gen_server,call,[{mod_kazoo,'freeswitch@kazoo.viithiisys.com'},{event,['CHANNEL_BRIDGE']},2000]}} in context shutdown_error
2014-08-13 06:49:05.693 [error] <0.1518.1> Supervisor {<0.1518.1>,ecallmgr_fs_event_stream_sup} had child 'RECORD_STOP' started with ecallmgr_fs_event_stream:start_link('freeswitch@kazoo.viithiisys.com', 'RECORD_STOP', undefined) at <0.1542.1> exit with reason {{nodedown,'freeswitch@kazoo.viithiisys.com'},{gen_server,call,[{mod_kazoo,'freeswitch@kazoo.viithiisys.com'},{event,['RECORD_STOP']},2000]}} in context shutdown_error
2014-08-13 06:49:05.694 [error] <0.1518.1> Supervisor {<0.1518.1>,ecallmgr_fs_event_stream_sup} had child 'RECORD_START' started with ecallmgr_fs_event_stream:start_link('freeswitch@kazoo.viithiisys.com', 'RECORD_START', undefined) at <0.1541.1> exit with reason {{nodedown,'freeswitch@kazoo.viithiisys.com'},{gen_server,call,[{mod_kazoo,'freeswitch@kazoo.viithiisys.com'},{event,['RECORD_START']},2000]}} in context shutdown_error
2014-08-13 06:49:05.695 [error] <0.1518.1> Supervisor {<0.1518.1>,ecallmgr_fs_event_stream_sup} had child 'DTMF' started with ecallmgr_fs_event_stream:start_link('freeswitch@kazoo.viithiisys.com', 'DTMF', undefined) at <0.1540.1> exit with reason {{nodedown,'freeswitch@kazoo.viithiisys.com'},{gen_server,call,[{mod_kazoo,'freeswitch@kazoo.viithiisys.com'},{event,['DTMF']},2000]}} in context shutdown_error
2014-08-13 06:49:05.696 [error] <0.1518.1> Supervisor {<0.1518.1>,ecallmgr_fs_event_stream_sup} had child 'DETECTED_TONE' started with ecallmgr_fs_event_stream:start_link('freeswitch@kazoo.viithiisys.com', 'DETECTED_TONE', undefined) at <0.1539.1> exit with reason {{nodedown,'freeswitch@kazoo.viithiisys.com'},{gen_server,call,[{mod_kazoo,'freeswitch@kazoo.viithiisys.com'},{event,['DETECTED_TONE']},2000]}} in context shutdown_error
2014-08-13 06:49:05.696 [error] <0.1518.1> Supervisor {<0.1518.1>,ecallmgr_fs_event_stream_sup} had child 'CALL_UPDATE' started with ecallmgr_fs_event_stream:start_link('freeswitch@kazoo.viithiisys.com', 'CALL_UPDATE', undefined) at <0.1538.1> exit with reason {{nodedown,'freeswitch@kazoo.viithiisys.com'},{gen_server,call,[{mod_kazoo,'freeswitch@kazoo.viithiisys.com'},{event,['CALL_UPDATE']},2000]}} in context shutdown_error
2014-08-13 06:49:05.697 [error] <0.1518.1> Supervisor {<0.1518.1>,ecallmgr_fs_event_stream_sup} had child 'CHANNEL_ANSWER' started with ecallmgr_fs_event_stream:start_link('freeswitch@kazoo.viithiisys.com', 'CHANNEL_ANSWER', undefined) at <0.1537.1> exit with reason {{nodedown,'freeswitch@kazoo.viithiisys.com'},{gen_server,call,[{mod_kazoo,'freeswitch@kazoo.viithiisys.com'},{event,['CHANNEL_ANSWER']},2000]}} in context shutdown_error
2014-08-13 06:49:05.697 [error] <0.1518.1> Supervisor {<0.1518.1>,ecallmgr_fs_event_stream_sup} had child 'CHANNEL_DESTROY' started with ecallmgr_fs_event_stream:start_link('freeswitch@kazoo.viithiisys.com', 'CHANNEL_DESTROY', undefined) at <0.1536.1> exit with reason {{nodedown,'freeswitch@kazoo.viithiisys.com'},{gen_server,call,[{mod_kazoo,'freeswitch@kazoo.viithiisys.com'},{event,['CHANNEL_DESTROY']},2000]}} in context shutdown_error
2014-08-13 06:49:05.698 [error] <0.1518.1> Supervisor {<0.1518.1>,ecallmgr_fs_event_stream_sup} had child 'CHANNEL_PROGRESS_MEDIA' started with ecallmgr_fs_event_stream:start_link('freeswitch@kazoo.viithiisys.com', 'CHANNEL_PROGRESS_MEDIA', undefined) at <0.1535.1> exit with reason {{nodedown,'freeswitch@kazoo.viithiisys.com'},{gen_server,call,[{mod_kazoo,'freeswitch@kazoo.viithiisys.com'},{event,['CHANNEL_PROGRESS_MEDIA']},2000]}} in context shutdown_error
2014-08-13 06:49:05.698 [error] <0.1518.1> Supervisor {<0.1518.1>,ecallmgr_fs_event_stream_sup} had child 'CHANNEL_CREATE' started with ecallmgr_fs_event_stream:start_link('freeswitch@kazoo.viithiisys.com', 'CHANNEL_CREATE', undefined) at <0.1534.1> exit with reason {{nodedown,'freeswitch@kazoo.viithiisys.com'},{gen_server,call,[{mod_kazoo,'freeswitch@kazoo.viithiisys.com'},{event,['CHANNEL_CREATE']},2000]}} in context shutdown_error
2014-08-13 06:49:05.699 [error] <0.1518.1> Supervisor {<0.1518.1>,ecallmgr_fs_event_stream_sup} had child 'channel_move::move_complete' started with ecallmgr_fs_event_stream:start_link('freeswitch@kazoo.viithiisys.com', 'CUSTOM', 'channel_move::move_complete') at <0.1533.1> exit with reason {{nodedown,'freeswitch@kazoo.viithiisys.com'},{gen_server,call,[{mod_kazoo,'freeswitch@kazoo.viithiisys.com'},{event,['CUSTOM','channel_move::move_complete']},2000]}} in context shutdown_error
2014-08-13 06:49:05.700 [error] <0.1518.1> Supervisor {<0.1518.1>,ecallmgr_fs_event_stream_sup} had child 'channel_move::move_released' started with ecallmgr_fs_event_stream:start_link('freeswitch@kazoo.viithiisys.com', 'CUSTOM', 'channel_move::move_released') at <0.1532.1> exit with reason {{nodedown,'freeswitch@kazoo.viithiisys.com'},{gen_server,call,[{mod_kazoo,'freeswitch@kazoo.viithiisys.com'},{event,['CUSTOM','channel_move::move_released']},2000]}} in context shutdown_error
2014-08-13 06:49:05.701 [error] <0.1518.1> Supervisor {<0.1518.1>,ecallmgr_fs_event_stream_sup} had child 'spandsp::rxfaxnegociateresult' started with ecallmgr_fs_event_stream:start_link('freeswitch@kazoo.viithiisys.com', 'CUSTOM', 'spandsp::rxfaxnegociateresult') at <0.1531.1> exit with reason {{nodedown,'freeswitch@kazoo.viithiisys.com'},{gen_server,call,[{mod_kazoo,'freeswitch@kazoo.viithiisys.com'},{event,['CUSTOM','spandsp::rxfaxnegociateresult']},2000]}} in context shutdown_error
2014-08-13 06:49:05.702 [error] <0.1518.1> Supervisor {<0.1518.1>,ecallmgr_fs_event_stream_sup} had child 'spandsp::txfaxnegociateresult' started with ecallmgr_fs_event_stream:start_link('freeswitch@kazoo.viithiisys.com', 'CUSTOM', 'spandsp::txfaxnegociateresult') at <0.1530.1> exit with reason {{nodedown,'freeswitch@kazoo.viithiisys.com'},{gen_server,call,[{mod_kazoo,'freeswitch@kazoo.viithiisys.com'},{event,['CUSTOM','spandsp::txfaxnegociateresult']},2000]}} in context shutdown_error
2014-08-13 06:49:05.702 [error] <0.1518.1> Supervisor {<0.1518.1>,ecallmgr_fs_event_stream_sup} had child 'spandsp::rxfaxpageresult' started with ecallmgr_fs_event_stream:start_link('freeswitch@kazoo.viithiisys.com', 'CUSTOM', 'spandsp::rxfaxpageresult') at <0.1529.1> exit with reason {{nodedown,'freeswitch@kazoo.viithiisys.com'},{gen_server,call,[{mod_kazoo,'freeswitch@kazoo.viithiisys.com'},{event,['CUSTOM','spandsp::rxfaxpageresult']},2000]}} in context shutdown_error
2014-08-13 06:49:05.703 [error] <0.1518.1> Supervisor {<0.1518.1>,ecallmgr_fs_event_stream_sup} had child 'spandsp::txfaxpageresult' started with ecallmgr_fs_event_stream:start_link('freeswitch@kazoo.viithiisys.com', 'CUSTOM', 'spandsp::txfaxpageresult') at <0.1528.1> exit with reason {{nodedown,'freeswitch@kazoo.viithiisys.com'},{gen_server,call,[{mod_kazoo,'freeswitch@kazoo.viithiisys.com'},{event,['CUSTOM','spandsp::txfaxpageresult']},2000]}} in context shutdown_error
2014-08-13 06:49:05.703 [error] <0.1518.1> Supervisor {<0.1518.1>,ecallmgr_fs_event_stream_sup} had child 'spandsp::rxfaxresult' started with ecallmgr_fs_event_stream:start_link('freeswitch@kazoo.viithiisys.com', 'CUSTOM', 'spandsp::rxfaxresult') at <0.1527.1> exit with reason {{nodedown,'freeswitch@kazoo.viithiisys.com'},{gen_server,call,[{mod_kazoo,'freeswitch@kazoo.viithiisys.com'},{event,['CUSTOM','spandsp::rxfaxresult']},2000]}} in context shutdown_error
2014-08-13 06:49:05.705 [error] <0.1518.1> Supervisor {<0.1518.1>,ecallmgr_fs_event_stream_sup} had child 'spandsp::txfaxresult' started with ecallmgr_fs_event_stream:start_link('freeswitch@kazoo.viithiisys.com', 'CUSTOM', 'spandsp::txfaxresult') at <0.1526.1> exit with reason {{nodedown,'freeswitch@kazoo.viithiisys.com'},{gen_server,call,[{mod_kazoo,'freeswitch@kazoo.viithiisys.com'},{event,['CUSTOM','spandsp::txfaxresult']},2000]}} in context shutdown_error
2014-08-13 06:49:05.707 [error] <0.1563.1> gen_server <0.1563.1> terminated with reason: {{nodedown,'freeswitch@kazoo.viithiisys.com'},{gen_server,call,[{mod_kazoo,'freeswitch@kazoo.viithiisys.com'},{event,['CUSTOM','sofia::register']},2000]}}
2014-08-13 06:49:06.036 [error] <0.1565.1> gen_server <0.1565.1> terminated with reason: {{nodedown,'freeswitch@kazoo.viithiisys.com'},{gen_server,call,[{mod_kazoo,'freeswitch@kazoo.viithiisys.com'},{event,['CUSTOM','sofia::replaced']},2000]}}
2014-08-13 06:49:06.040 [error] <0.1518.1> Supervisor {<0.1518.1>,ecallmgr_fs_event_stream_sup} had child 'conference::maintenance' started with ecallmgr_fs_event_stream:start_link('freeswitch@kazoo.viithiisys.com', 'CUSTOM', 'conference::maintenance') at <0.1525.1> exit with reason {{nodedown,'freeswitch@kazoo.viithiisys.com'},{gen_server,call,[{mod_kazoo,'freeswitch@kazoo.viithiisys.com'},{event,['CUSTOM','conference::maintenance']},2000]}} in context shutdown_error
2014-08-13 06:49:06.045 [error] <0.1565.1> CRASH REPORT Process <0.1565.1> with 0 neighbours exited with reason: {{nodedown,'freeswitch@kazoo.viithiisys.com'},{gen_server,call,[{mod_kazoo,'freeswitch@kazoo.viithiisys.com'},{event,['CUSTOM','sofia::replaced']},2000]}} in gen_server:terminate/6 line 747
2014-08-13 06:49:06.055 [error] <0.1518.1> Supervisor {<0.1518.1>,ecallmgr_fs_event_stream_sup} had child 'sofia::replaced' started with ecallmgr_fs_event_stream:start_link('freeswitch@kazoo.viithiisys.com', 'CUSTOM', 'sofia::replaced') at <0.1565.1> exit with reason {{nodedown,'freeswitch@kazoo.viithiisys.com'},{gen_server,call,[{mod_kazoo,'freeswitch@kazoo.viithiisys.com'},{event,['CUSTOM','sofia::replaced']},2000]}} in context shutdown_error
2014-08-13 06:49:06.060 [error] <0.1518.1> Supervisor {<0.1518.1>,ecallmgr_fs_event_stream_sup} had child 'sofia::transferee' started with ecallmgr_fs_event_stream:start_link('freeswitch@kazoo.viithiisys.com', 'CUSTOM', 'sofia::transferee') at <0.1561.1> exit with reason {{nodedown,'freeswitch@kazoo.viithiisys.com'},{gen_server,call,[{mod_kazoo,'freeswitch@kazoo.viithiisys.com'},{event,['CUSTOM','sofia::transferee']},2000]}} in context shutdown_error
2014-08-13 06:49:06.061 [error] <0.1518.1> Supervisor {<0.1518.1>,ecallmgr_fs_event_stream_sup} had child 'whistle::masquerade' started with ecallmgr_fs_event_stream:start_link('freeswitch@kazoo.viithiisys.com', 'CUSTOM', 'whistle::masquerade') at <0.1555.1> exit with reason {{nodedown,'freeswitch@kazoo.viithiisys.com'},{gen_server,call,[{mod_kazoo,'freeswitch@kazoo.viithiisys.com'},{event,['CUSTOM','whistle::masquerade']},2000]}} in context shutdown_error
2014-08-13 06:49:06.065 [error] <0.1518.1> Supervisor {<0.1518.1>,ecallmgr_fs_event_stream_sup} had child 'whistle::noop' started with ecallmgr_fs_event_stream:start_link('freeswitch@kazoo.viithiisys.com', 'CUSTOM', 'whistle::noop') at <0.1558.1> exit with reason {{nodedown,'freeswitch@kazoo.viithiisys.com'},{gen_server,call,[{mod_kazoo,'freeswitch@kazoo.viithiisys.com'},{event,['CUSTOM','whistle::noop']},2000]}} in context shutdown_error
2014-08-13 06:49:06.066 [error] <0.832.0> Supervisor 'freeswitch@kazoo.viithiisys.com' had child 'freeswitch@kazoo.viithiisys.com_config' started with ecallmgr_fs_config:start_link('freeswitch@kazoo.viithiisys.com', [{cookie,change_me},{client_version,<<"mod_kazoo 1.2.17-0">>}]) at <0.1557.1> exit with reason exception in context shutdown_error
2014-08-13 06:49:06.076 [error] <0.832.0> Supervisor 'freeswitch@kazoo.viithiisys.com' had child 'freeswitch@kazoo.viithiisys.com_route' started with ecallmgr_fs_route:start_link('freeswitch@kazoo.viithiisys.com', [{cookie,change_me},{client_version,<<"mod_kazoo 1.2.17-0">>}]) at <0.1560.1> exit with reason exception in context shutdown_error
2014-08-13 06:49:06.077 [error] <0.832.0> Supervisor 'freeswitch@kazoo.viithiisys.com' had child 'freeswitch@kazoo.viithiisys.com_authn' started with ecallmgr_fs_authn:start_link('freeswitch@kazoo.viithiisys.com', [{cookie,change_me},{client_version,<<"mod_kazoo 1.2.17-0">>}]) at <0.1551.1> exit with reason exception in context shutdown_error
2014-08-13 06:49:06.886 [error] <0.183.0> gen_server <0.183.0> terminated with reason: no try clause matching {error,{conn_failed,{error,econnrefused}}} in wh_couch_connection:maybe_reconnect/1 line 241
2014-08-13 06:49:06.889 [error] <0.183.0> CRASH REPORT Process <0.183.0> with 0 neighbours exited with reason: no try clause matching {error,{conn_failed,{error,econnrefused}}} in wh_couch_connection:maybe_reconnect/1 line 241 in gen_server:terminate/6 line 747
2014-08-13 06:49:06.890 [error] <0.178.0> Supervisor wh_couch_connection_sup had child wh_couch_connection started with wh_couch_connection:start_link({wh_couch_connection,1,"127.0.0.1",15984,[],[],false,false,false,{server,undefined,undefined,undefined,...}}) at <0.183.0> exit with reason no try clause matching {error,{conn_failed,{error,econnrefused}}} in wh_couch_connection:maybe_reconnect/1 line 241 in context child_terminated
2014-08-13 06:49:06.891 [error] <0.178.0> Supervisor wh_couch_connection_sup had child wh_couch_connection started with wh_couch_connection:start_link({wh_couch_connection,1,"127.0.0.1",15984,[],[],false,false,false,{server,undefined,undefined,undefined,...}}) at <0.183.0> exit with reason reached_max_restart_intensity in context shutdown
2014-08-13 06:49:06.891 [error] <0.171.0> Supervisor whistle_couch_sup had child wh_couch_connection_sup started with wh_couch_connection_sup:start_link() at <0.178.0> exit with reason shutdown in context child_terminated
2014-08-13 06:49:16.290 [error] <0.108.0> Connection (<0.108.0>) closing: received hard error {'connection.close',320,<<"CONNECTION_FORCED - broker forced connection closure with reason 'shutdown'">>,0,0} from server

2014-08-13 06:49:16.306 [critical] <0.105.0>@wh_amqp_connection:00000000000:347 unable to establish command channel to amqp://guest:guest@127.0.0.1:5672, assuming connection is invalid: closing
2014-08-13 06:49:16.306 [error] <0.108.0> gen_server <0.108.0> terminated with reason: socket_closed_unexpectedly
2014-08-13 06:49:16.306 [error] <0.108.0> CRASH REPORT Process <0.108.0> with 0 neighbours exited with reason: socket_closed_unexpectedly in gen_server:terminate/6 line 747
2014-08-13 06:49:16.313 [error] <0.106.0> Supervisor {<0.106.0>,amqp_connection_sup} had child connection started with amqp_gen_connection:start_link(<0.107.0>, {amqp_params_network,<<"guest">>,<<"guest">>,<<"/">>,"127.0.0.1",5672,0,0,0,500,none,[#Fun<amqp_uri..>,...],...}) at <0.108.0> exit with reason socket_closed_unexpectedly in context child_terminated
2014-08-13 06:49:16.319 [error] <0.106.0> Supervisor {<0.106.0>,amqp_connection_sup} had child connection started with amqp_gen_connection:start_link(<0.107.0>, {amqp_params_network,<<"guest">>,<<"guest">>,<<"/">>,"127.0.0.1",5672,0,0,0,500,none,[#Fun<amqp_uri..>,...],...}) at <0.108.0> exit with reason reached_max_restart_intensity in context shutdown
2014-08-13 06:49:16.712 [error] <0.110.0> Connection (<0.110.0>) closing: received hard error {'connection.close',320,<<"CONNECTION_FORCED - broker forced connection closure with reason 'shutdown'">>,0,0} from server

2014-08-13 06:49:16.739 [error] <0.110.0> gen_server <0.110.0> terminated with reason: socket_closed_unexpectedly
2014-08-13 06:49:16.740 [error] <0.110.0> CRASH REPORT Process <0.110.0> with 0 neighbours exited with reason: socket_closed_unexpectedly in gen_server:terminate/6 line 747
2014-08-13 06:49:16.806 [critical] <0.107.0>@wh_amqp_connection:00000000000:347 unable to establish command channel to amqp://guest:guest@127.0.0.1:5672, assuming connection is invalid: not_connected
2014-08-13 06:49:16.820 [error] <0.108.0> Supervisor {<0.108.0>,amqp_connection_sup} had child connection started with amqp_gen_connection:start_link(<0.109.0>, {amqp_params_network,<<"guest">>,<<"guest">>,<<"/">>,"127.0.0.1",5672,0,0,0,500,none,[#Fun<amqp_uri..>,...],...}) at <0.110.0> exit with reason socket_closed_unexpectedly in context child_terminated
2014-08-13 06:49:16.824 [error] <0.108.0> Supervisor {<0.108.0>,amqp_connection_sup} had child connection started with amqp_gen_connection:start_link(<0.109.0>, {amqp_params_network,<<"guest">>,<<"guest">>,<<"/">>,"127.0.0.1",5672,0,0,0,500,none,[#Fun<amqp_uri..>,...],...}) at <0.110.0> exit with reason reached_max_restart_intensity in context shutdown
2014-08-20 08:53:29.418 [error] <0.108.0> Connection (<0.108.0>) closing: received hard error {'connection.close',320,<<"CONNECTION_FORCED - broker forced connection closure with reason 'shutdown'">>,0,0} from server

2014-08-20 08:53:29.439 [error] <0.110.0> Connection (<0.110.0>) closing: received hard error {'connection.close',320,<<"CONNECTION_FORCED - broker forced connection closure with reason 'shutdown'">>,0,0} from server

2014-08-20 08:53:29.423 [critical] <0.105.0>@wh_amqp_connection:00000000000:347 unable to establish command channel to amqp://guest:guest@127.0.0.1:5672, assuming connection is invalid: closing
2014-08-20 08:53:29.449 [critical] <0.107.0>@wh_amqp_connection:00000000000:347 unable to establish command channel to amqp://guest:guest@127.0.0.1:5672, assuming connection is invalid: closing
2014-08-20 08:53:37.488 [error] <0.928.0> gen_server wh_gen_changes_system_config terminated with reason: connection_closed
2014-08-20 08:53:37.488 [error] <0.928.0> CRASH REPORT Process wh_gen_changes_system_config with 0 neighbours exited with reason: connection_closed in gen_server:terminate/6 line 747
2014-08-20 08:53:37.490 [error] <0.180.0> Supervisor wh_change_handler_sup had child wh_change_handler started with wh_change_handler:start_link({db,{server,"127.0.0.1",15984,[],[{max_sessions,512},{max_pipeline_size,10},{connect_timeout,500}]},...}, []) at <0.928.0> exit with reason connection_closed in context child_terminated
2014-08-20 08:53:37.490 [error] <0.913.0> gen_server wh_gen_changes_offnet terminated with reason: connection_closed
2014-08-20 08:53:37.490 [error] <0.913.0> CRASH REPORT Process wh_gen_changes_offnet with 0 neighbours exited with reason: connection_closed in gen_server:terminate/6 line 747
2014-08-20 08:53:37.493 [error] <0.180.0> Supervisor wh_change_handler_sup had child wh_change_handler started with wh_change_handler:start_link({db,{server,"127.0.0.1",15984,[],[{max_sessions,512},{max_pipeline_size,10},{connect_timeout,500}]},...}, []) at <0.913.0> exit with reason connection_closed in context child_terminated
2014-08-20 09:40:45.399 [error] emulator Error in process <0.11576.0> on node 'whistle_apps@kazoo.viithiisys.com' with exit value: {{nocatch,badarg},[{cf_exe,'-spawn_cf_module/3-fun-1-',4,[{file,"src/cf_exe.erl"},{line,622}]}]}


2014-08-20 09:40:45.399 [error] <0.11567.0>@cf_exe:6e22cba1-a312-1232-a081-f04da2bd5b56:431 action cf_automatic_cid died unexpectedly: {{nocatch,badarg},[{cf_exe,'-spawn_cf_module/3-fun-1-',4,[{file,"src/cf_exe.erl"},{line,622}]}]}
2014-08-20 10:11:28.708 [error] emulator Error in process <0.1857.0> on node 'whistle_apps@kazoo.viithiisys.com' with exit value: {{nocatch,badarg},[{cf_exe,'-spawn_cf_module/3-fun-1-',4,[{file,"src/cf_exe.erl"},{line,622}]}]}


2014-08-20 10:11:28.708 [error] <0.1849.0>@cf_exe:b8a642a9-a316-1232-a081-f04da2bd5b56:431 action cf_automatic_cid died unexpectedly: {{nocatch,badarg},[{cf_exe,'-spawn_cf_module/3-fun-1-',4,[{file,"src/cf_exe.erl"},{line,622}]}]}
2014-08-20 10:23:05.611 [error] emulator Error in process <0.1795.0> on node 'whistle_apps@kazoo.viithiisys.com' with exit value: {{nocatch,badarg},[{cf_exe,'-spawn_cf_module/3-fun-1-',4,[{file,"src/cf_exe.erl"},{line,622}]}]}


2014-08-20 10:23:05.611 [error] <0.1789.0>@cf_exe:58181c19-a318-1232-a081-f04da2bd5b56:431 action cf_automatic_cid died unexpectedly: {{nocatch,badarg},[{cf_exe,'-spawn_cf_module/3-fun-1-',4,[{file,"src/cf_exe.erl"},{line,622}]}]}
2014-08-20 11:09:42.418 [error] <0.869.0> Supervisor {<0.869.0>,ecallmgr_fs_event_stream_sup} had child 'CHANNEL_ANSWER' started with ecallmgr_fs_event_stream:start_link('freeswitch@kazoo.viithiisys.com', 'CHANNEL_ANSWER', undefined) at <0.888.0> exit with reason normal in context child_terminated
2014-08-20 11:09:42.456 [error] <0.869.0> Supervisor {<0.869.0>,ecallmgr_fs_event_stream_sup} had child 'sofia::transferor' started with ecallmgr_fs_event_stream:start_link('freeswitch@kazoo.viithiisys.com', 'CUSTOM', 'sofia::transferor') at <0.872.0> exit with reason normal in context child_terminated
2014-08-20 11:09:42.481 [error] <0.869.0> Supervisor {<0.869.0>,ecallmgr_fs_event_stream_sup} had child 'CALL_UPDATE' started with ecallmgr_fs_event_stream:start_link('freeswitch@kazoo.viithiisys.com', 'CALL_UPDATE', undefined) at <0.889.0> exit with reason normal in context child_terminated
2014-08-20 11:09:42.485 [error] <0.869.0> Supervisor {<0.869.0>,ecallmgr_fs_event_stream_sup} had child 'CHANNEL_PROGRESS_MEDIA' started with ecallmgr_fs_event_stream:start_link('freeswitch@kazoo.viithiisys.com', 'CHANNEL_PROGRESS_MEDIA', undefined) at <0.886.0> exit with reason normal in context child_terminated
2014-08-20 11:09:42.490 [error] <0.869.0> Supervisor {<0.869.0>,ecallmgr_fs_event_stream_sup} had child 'whistle::noop' started with ecallmgr_fs_event_stream:start_link('freeswitch@kazoo.viithiisys.com', 'CUSTOM', 'whistle::noop') at <0.870.0> exit with reason normal in context child_terminated
2014-08-20 11:09:42.495 [error] <0.869.0> Supervisor {<0.869.0>,ecallmgr_fs_event_stream_sup} had child 'CHANNEL_BRIDGE' started with ecallmgr_fs_event_stream:start_link('freeswitch@kazoo.viithiisys.com', 'CHANNEL_BRIDGE', undefined) at <0.894.0> exit with reason normal in context child_terminated
2014-08-20 11:09:42.496 [error] <0.869.0> Supervisor {<0.869.0>,ecallmgr_fs_event_stream_sup} had child 'CHANNEL_BRIDGE' started with ecallmgr_fs_event_stream:start_link('freeswitch@kazoo.viithiisys.com', 'CHANNEL_BRIDGE', undefined) at <0.894.0> exit with reason reached_max_restart_intensity in context shutdown
2014-08-20 11:09:42.510 [error] <0.869.0> Supervisor {<0.869.0>,ecallmgr_fs_event_stream_sup} had child 'channel_move::move_complete' started with ecallmgr_fs_event_stream:start_link('freeswitch@kazoo.viithiisys.com', 'CUSTOM', 'channel_move::move_complete') at <0.884.0> exit with reason normal in context shutdown_error
2014-08-20 11:09:42.527 [error] <0.832.0> Supervisor 'freeswitch@kazoo.viithiisys.com' had child 'freeswitch@kazoo.viithiisys.com_event_stream_sup' started with ecallmgr_fs_event_stream_sup:start_link('freeswitch@kazoo.viithiisys.com', [{cookie,change_me},{client_version,<<"mod_kazoo 1.2.17-0">>}]) at <0.869.0> exit with reason shutdown in context child_terminated
2014-08-20 11:09:42.905 [critical] <0.13271.0>@ecallmgr_fs_nodes:536 recieved node down notice for freeswitch@kazoo.viithiisys.com
2014-08-20 11:09:42.910 [error] <0.832.0> Supervisor 'freeswitch@kazoo.viithiisys.com' had child 'freeswitch@kazoo.viithiisys.com_authn' started with ecallmgr_fs_authn:start_link('freeswitch@kazoo.viithiisys.com', [{cookie,change_me},{client_version,<<"mod_kazoo 1.2.17-0">>}]) at <0.840.0> exit with reason noconnection in context child_terminated
2014-08-20 11:09:42.915 [error] <0.832.0> Supervisor 'freeswitch@kazoo.viithiisys.com' had child 'freeswitch@kazoo.viithiisys.com_channel' started with ecallmgr_fs_channel:start_link('freeswitch@kazoo.viithiisys.com', [{cookie,change_me},{client_version,<<"mod_kazoo 1.2.17-0">>}]) at <0.842.0> exit with reason noconnection in context child_terminated
2014-08-20 11:09:42.918 [error] <0.832.0> Supervisor 'freeswitch@kazoo.viithiisys.com' had child 'freeswitch@kazoo.viithiisys.com_config' started with ecallmgr_fs_config:start_link('freeswitch@kazoo.viithiisys.com', [{cookie,change_me},{client_version,<<"mod_kazoo 1.2.17-0">>}]) at <0.843.0> exit with reason noconnection in context child_terminated
2014-08-20 11:09:42.919 [error] <0.832.0> Supervisor 'freeswitch@kazoo.viithiisys.com' had child 'freeswitch@kazoo.viithiisys.com_route' started with ecallmgr_fs_route:start_link('freeswitch@kazoo.viithiisys.com', [{cookie,change_me},{client_version,<<"mod_kazoo 1.2.17-0">>}]) at <0.841.0> exit with reason noconnection in context child_terminated
2014-08-20 11:09:45.928 [error] <0.184.0> gen_server <0.184.0> terminated with reason: no try clause matching {error,{conn_failed,{error,econnrefused}}} in wh_couch_connection:maybe_reconnect/1 line 241
2014-08-20 11:09:45.929 [error] <0.184.0> CRASH REPORT Process <0.184.0> with 0 neighbours exited with reason: no try clause matching {error,{conn_failed,{error,econnrefused}}} in wh_couch_connection:maybe_reconnect/1 line 241 in gen_server:terminate/6 line 747
2014-08-20 11:09:45.932 [error] <0.178.0> Supervisor wh_couch_connection_sup had child wh_couch_connection started with wh_couch_connection:start_link({wh_couch_connection,2,"127.0.0.1",15986,[],[],false,false,true,{server,undefined,undefined,undefined,...}}) at <0.184.0> exit with reason no try clause matching {error,{conn_failed,{error,econnrefused}}} in wh_couch_connection:maybe_reconnect/1 line 241 in context child_terminated
2014-08-20 11:09:45.932 [error] <0.178.0> Supervisor wh_couch_connection_sup had child wh_couch_connection started with wh_couch_connection:start_link({wh_couch_connection,2,"127.0.0.1",15986,[],[],false,false,true,{server,undefined,undefined,undefined,...}}) at <0.184.0> exit with reason reached_max_restart_intensity in context shutdown
2014-08-20 11:09:45.933 [error] <0.171.0> Supervisor whistle_couch_sup had child wh_couch_connection_sup started with wh_couch_connection_sup:start_link() at <0.178.0> exit with reason shutdown in context child_terminated
2014-08-20 11:09:58.957 [error] <0.110.0> Connection (<0.110.0>) closing: received hard error {'connection.close',320,<<"CONNECTION_FORCED - broker forced connection closure with reason 'shutdown'">>,0,0} from server

2014-08-20 11:09:58.989 [error] <0.108.0> Connection (<0.108.0>) closing: received hard error {'connection.close',320,<<"CONNECTION_FORCED - broker forced connection closure with reason 'shutdown'">>,0,0} from server

2014-08-20 11:09:58.979 [error] <0.110.0> gen_server <0.110.0> terminated with reason: socket_closed_unexpectedly
2014-08-20 11:09:58.990 [critical] <0.105.0>@wh_amqp_connection:00000000000:166 connection to the AMQP broker amqp://guest:guest@127.0.0.1:5672 died: socket_closed_unexpectedly
2014-08-20 11:09:58.993 [error] <0.108.0> gen_server <0.108.0> terminated with reason: socket_closed_unexpectedly
2014-08-20 11:09:58.994 [error] <0.108.0> CRASH REPORT Process <0.108.0> with 0 neighbours exited with reason: socket_closed_unexpectedly in gen_server:terminate/6 line 747
2014-08-20 11:09:58.979 [error] <0.110.0> CRASH REPORT Process <0.110.0> with 0 neighbours exited with reason: socket_closed_unexpectedly in gen_server:terminate/6 line 747
2014-08-20 11:09:59.011 [error] <0.106.0> Supervisor {<0.106.0>,amqp_connection_sup} had child connection started with amqp_gen_connection:start_link(<0.107.0>, {amqp_params_network,<<"guest">>,<<"guest">>,<<"/">>,"127.0.0.1",5672,0,0,0,500,none,[#Fun<amqp_uri..>,...],...}) at <0.108.0> exit with reason socket_closed_unexpectedly in context child_terminated
2014-08-20 11:09:58.979 [critical] <0.107.0>@wh_amqp_connection:00000000000:347 unable to establish command channel to amqp://guest:guest@127.0.0.1:5672, assuming connection is invalid: not_connected
2014-08-20 11:09:59.022 [error] <0.106.0> Supervisor {<0.106.0>,amqp_connection_sup} had child connection started with amqp_gen_connection:start_link(<0.107.0>, {amqp_params_network,<<"guest">>,<<"guest">>,<<"/">>,"127.0.0.1",5672,0,0,0,500,none,[#Fun<amqp_uri..>,...],...}) at <0.108.0> exit with reason reached_max_restart_intensity in context shutdown
2014-08-20 11:09:59.008 [error] <0.108.0> Supervisor {<0.108.0>,amqp_connection_sup} had child connection started with amqp_gen_connection:start_link(<0.109.0>, {amqp_params_network,<<"guest">>,<<"guest">>,<<"/">>,"127.0.0.1",5672,0,0,0,500,none,[#Fun<amqp_uri..>,...],...}) at <0.110.0> exit with reason socket_closed_unexpectedly in context child_terminated
2014-08-20 11:09:59.025 [error] <0.108.0> Supervisor {<0.108.0>,amqp_connection_sup} had child connection started with amqp_gen_connection:start_link(<0.109.0>, {amqp_params_network,<<"guest">>,<<"guest">>,<<"/">>,"127.0.0.1",5672,0,0,0,500,none,[#Fun<amqp_uri..>,...],...}) at <0.110.0> exit with reason reached_max_restart_intensity in context shutdown
2014-08-21 00:23:30.261 [error] <0.110.0> Connection (<0.110.0>) closing: received hard error {'connection.close',320,<<"CONNECTION_FORCED - broker forced connection closure with reason 'shutdown'">>,0,0} from server

2014-08-21 00:23:30.323 [error] <0.108.0> Connection (<0.108.0>) closing: received hard error {'connection.close',320,<<"CONNECTION_FORCED - broker forced connection closure with reason 'shutdown'">>,0,0} from server

2014-08-21 00:23:30.328 [critical] <0.105.0>@wh_amqp_connection:00000000000:347 unable to establish command channel to amqp://guest:guest@127.0.0.1:5672, assuming connection is invalid: closing
2014-08-21 00:23:30.269 [critical] <0.107.0>@wh_amqp_connection:00000000000:347 unable to establish command channel to amqp://guest:guest@127.0.0.1:5672, assuming connection is invalid: closing
2014-08-21 00:23:36.430 [error] <0.908.0> gen_server wh_gen_changes_offnet terminated with reason: connection_closed
2014-08-21 00:23:36.430 [error] <0.908.0> CRASH REPORT Process wh_gen_changes_offnet with 0 neighbours exited with reason: connection_closed in gen_server:terminate/6 line 747
2014-08-21 00:23:36.432 [error] <0.180.0> Supervisor wh_change_handler_sup had child wh_change_handler started with wh_change_handler:start_link({db,{server,"127.0.0.1",15984,[],[{max_sessions,512},{max_pipeline_size,10},{connect_timeout,500}]},...}, []) at <0.908.0> exit with reason connection_closed in context child_terminated
2014-08-21 00:23:36.432 [error] <0.923.0> gen_server wh_gen_changes_system_config terminated with reason: connection_closed
2014-08-21 00:23:36.432 [error] <0.923.0> CRASH REPORT Process wh_gen_changes_system_config with 0 neighbours exited with reason: connection_closed in gen_server:terminate/6 line 747
2014-08-21 00:23:36.434 [error] <0.180.0> Supervisor wh_change_handler_sup had child wh_change_handler started with wh_change_handler:start_link({db,{server,"127.0.0.1",15984,[],[{max_sessions,512},{max_pipeline_size,10},{connect_timeout,500}]},...}, []) at <0.923.0> exit with reason connection_closed in context child_terminated
2014-08-21 01:32:46.697 [error] emulator Error in process <0.2017.0> on node 'whistle_apps@kazoo.viithiisys.com' with exit value: {{nocatch,function_clause},[{cf_exe,'-spawn_cf_module/3-fun-1-',4,[{file,"src/cf_exe.erl"},{line,622}]}]}


2014-08-21 01:32:46.697 [error] <0.2008.0>@cf_exe:6ce77a02-a397-1232-c1b4-f04da2bd5b56:431 action cf_automatic_cid died unexpectedly: {{nocatch,function_clause},[{cf_exe,'-spawn_cf_module/3-fun-1-',4,[{file,"src/cf_exe.erl"},{line,622}]}]}
2014-08-21 07:58:22.571 [error] <0.867.0> Supervisor {<0.867.0>,ecallmgr_fs_event_stream_sup} had child 'RECORD_START' started with ecallmgr_fs_event_stream:start_link('freeswitch@kazoo.viithiisys.com', 'RECORD_START', undefined) at <0.890.0> exit with reason normal in context child_terminated
2014-08-21 07:58:22.573 [error] <0.867.0> Supervisor {<0.867.0>,ecallmgr_fs_event_stream_sup} had child 'sofia::transferee' started with ecallmgr_fs_event_stream:start_link('freeswitch@kazoo.viithiisys.com', 'CUSTOM', 'sofia::transferee') at <0.871.0> exit with reason normal in context child_terminated
2014-08-21 07:58:22.575 [error] <0.867.0> Supervisor {<0.867.0>,ecallmgr_fs_event_stream_sup} had child 'CALL_UPDATE' started with ecallmgr_fs_event_stream:start_link('freeswitch@kazoo.viithiisys.com', 'CALL_UPDATE', undefined) at <0.887.0> exit with reason normal in context child_terminated
2014-08-21 07:58:22.577 [error] <0.867.0> Supervisor {<0.867.0>,ecallmgr_fs_event_stream_sup} had child 'CHANNEL_ANSWER' started with ecallmgr_fs_event_stream:start_link('freeswitch@kazoo.viithiisys.com', 'CHANNEL_ANSWER', undefined) at <0.886.0> exit with reason normal in context child_terminated
2014-08-21 07:58:22.578 [error] <0.867.0> Supervisor {<0.867.0>,ecallmgr_fs_event_stream_sup} had child 'spandsp::txfaxnegociateresult' started with ecallmgr_fs_event_stream:start_link('freeswitch@kazoo.viithiisys.com', 'CUSTOM', 'spandsp::txfaxnegociateresult') at <0.879.0> exit with reason normal in context child_terminated
2014-08-21 07:58:22.580 [error] <0.867.0> Supervisor {<0.867.0>,ecallmgr_fs_event_stream_sup} had child 'DTMF' started with ecallmgr_fs_event_stream:start_link('freeswitch@kazoo.viithiisys.com', 'DTMF', undefined) at <0.889.0> exit with reason normal in context child_terminated
2014-08-21 07:58:22.581 [error] <0.867.0> Supervisor {<0.867.0>,ecallmgr_fs_event_stream_sup} had child 'DTMF' started with ecallmgr_fs_event_stream:start_link('freeswitch@kazoo.viithiisys.com', 'DTMF', undefined) at <0.889.0> exit with reason reached_max_restart_intensity in context shutdown
2014-08-21 07:58:22.581 [error] <0.867.0> Supervisor {<0.867.0>,ecallmgr_fs_event_stream_sup} had child 'RECORD_STOP' started with ecallmgr_fs_event_stream:start_link('freeswitch@kazoo.viithiisys.com', 'RECORD_STOP', undefined) at <0.891.0> exit with reason normal in context shutdown_error
2014-08-21 07:58:22.582 [error] <0.867.0> Supervisor {<0.867.0>,ecallmgr_fs_event_stream_sup} had child 'CHANNEL_PROGRESS_MEDIA' started with ecallmgr_fs_event_stream:start_link('freeswitch@kazoo.viithiisys.com', 'CHANNEL_PROGRESS_MEDIA', undefined) at <0.884.0> exit with reason normal in context shutdown_error
2014-08-21 07:58:22.583 [error] <0.867.0> Supervisor {<0.867.0>,ecallmgr_fs_event_stream_sup} had child 'conference::maintenance' started with ecallmgr_fs_event_stream:start_link('freeswitch@kazoo.viithiisys.com', 'CUSTOM', 'conference::maintenance') at <0.874.0> exit with reason normal in context shutdown_error
2014-08-21 07:58:22.585 [error] <0.867.0> Supervisor {<0.867.0>,ecallmgr_fs_event_stream_sup} had child 'whistle::masquerade' started with ecallmgr_fs_event_stream:start_link('freeswitch@kazoo.viithiisys.com', 'CUSTOM', 'whistle::masquerade') at <0.869.0> exit with reason normal in context shutdown_error
2014-08-21 07:58:22.618 [error] <0.832.0> Supervisor 'freeswitch@kazoo.viithiisys.com' had child 'freeswitch@kazoo.viithiisys.com_event_stream_sup' started with ecallmgr_fs_event_stream_sup:start_link('freeswitch@kazoo.viithiisys.com', [{cookie,change_me},{client_version,<<"mod_kazoo 1.2.17-0">>}]) at <0.867.0> exit with reason shutdown in context child_terminated
2014-08-21 07:58:22.839 [critical] <0.7880.1>@ecallmgr_fs_nodes:536 recieved node down notice for freeswitch@kazoo.viithiisys.com
2014-08-21 07:58:22.841 [error] <0.832.0> Supervisor 'freeswitch@kazoo.viithiisys.com' had child 'freeswitch@kazoo.viithiisys.com_authn' started with ecallmgr_fs_authn:start_link('freeswitch@kazoo.viithiisys.com', [{cookie,change_me},{client_version,<<"mod_kazoo 1.2.17-0">>}]) at <0.840.0> exit with reason noconnection in context child_terminated
2014-08-21 07:58:22.843 [error] <0.832.0> Supervisor 'freeswitch@kazoo.viithiisys.com' had child 'freeswitch@kazoo.viithiisys.com_channel' started with ecallmgr_fs_channel:start_link('freeswitch@kazoo.viithiisys.com', [{cookie,change_me},{client_version,<<"mod_kazoo 1.2.17-0">>}]) at <0.842.0> exit with reason noconnection in context child_terminated
2014-08-21 07:58:22.844 [error] <0.832.0> Supervisor 'freeswitch@kazoo.viithiisys.com' had child 'freeswitch@kazoo.viithiisys.com_config' started with ecallmgr_fs_config:start_link('freeswitch@kazoo.viithiisys.com', [{cookie,change_me},{client_version,<<"mod_kazoo 1.2.17-0">>}]) at <0.843.0> exit with reason noconnection in context child_terminated
2014-08-21 07:58:22.845 [error] <0.832.0> Supervisor 'freeswitch@kazoo.viithiisys.com' had child 'freeswitch@kazoo.viithiisys.com_route' started with ecallmgr_fs_route:start_link('freeswitch@kazoo.viithiisys.com', [{cookie,change_me},{client_version,<<"mod_kazoo 1.2.17-0">>}]) at <0.841.0> exit with reason noconnection in context child_terminated
2014-08-21 07:58:23.948 [error] <0.184.0> gen_server <0.184.0> terminated with reason: no try clause matching {error,{conn_failed,{error,econnrefused}}} in wh_couch_connection:maybe_reconnect/1 line 241
2014-08-21 07:58:23.949 [error] <0.184.0> CRASH REPORT Process <0.184.0> with 0 neighbours exited with reason: no try clause matching {error,{conn_failed,{error,econnrefused}}} in wh_couch_connection:maybe_reconnect/1 line 241 in gen_server:terminate/6 line 747
2014-08-21 07:58:23.949 [error] <0.178.0> Supervisor wh_couch_connection_sup had child wh_couch_connection started with wh_couch_connection:start_link({wh_couch_connection,2,"127.0.0.1",15986,[],[],false,false,true,{server,undefined,undefined,undefined,...}}) at <0.184.0> exit with reason no try clause matching {error,{conn_failed,{error,econnrefused}}} in wh_couch_connection:maybe_reconnect/1 line 241 in context child_terminated
2014-08-21 07:58:23.949 [error] <0.178.0> Supervisor wh_couch_connection_sup had child wh_couch_connection started with wh_couch_connection:start_link({wh_couch_connection,2,"127.0.0.1",15986,[],[],false,false,true,{server,undefined,undefined,undefined,...}}) at <0.184.0> exit with reason reached_max_restart_intensity in context shutdown
2014-08-21 07:58:23.949 [error] <0.171.0> Supervisor whistle_couch_sup had child wh_couch_connection_sup started with wh_couch_connection_sup:start_link() at <0.178.0> exit with reason shutdown in context child_terminated
2014-08-21 07:58:31.677 [error] <0.108.0> Connection (<0.108.0>) closing: received hard error {'connection.close',320,<<"CONNECTION_FORCED - broker forced connection closure with reason 'shutdown'">>,0,0} from server

2014-08-21 07:58:31.689 [critical] <0.105.0>@wh_amqp_connection:00000000000:347 unable to establish command channel to amqp://guest:guest@127.0.0.1:5672, assuming connection is invalid: closing
2014-08-21 07:58:31.695 [error] <0.108.0> gen_server <0.108.0> terminated with reason: socket_closed_unexpectedly
2014-08-21 07:58:31.673 [error] <0.110.0> Connection (<0.110.0>) closing: received hard error {'connection.close',320,<<"CONNECTION_FORCED - broker forced connection closure with reason 'shutdown'">>,0,0} from server

2014-08-21 07:58:31.695 [error] <0.108.0> CRASH REPORT Process <0.108.0> with 0 neighbours exited with reason: socket_closed_unexpectedly in gen_server:terminate/6 line 747
2014-08-21 07:58:31.700 [error] <0.110.0> gen_server <0.110.0> terminated with reason: socket_closed_unexpectedly
2014-08-21 07:58:31.700 [error] <0.110.0> CRASH REPORT Process <0.110.0> with 0 neighbours exited with reason: socket_closed_unexpectedly in gen_server:terminate/6 line 747
2014-08-21 07:58:31.703 [error] <0.106.0> Supervisor {<0.106.0>,amqp_connection_sup} had child connection started with amqp_gen_connection:start_link(<0.107.0>, {amqp_params_network,<<"guest">>,<<"guest">>,<<"/">>,"127.0.0.1",5672,0,0,0,500,none,[#Fun<amqp_uri..>,...],...}) at <0.108.0> exit with reason socket_closed_unexpectedly in context child_terminated
2014-08-21 07:58:31.700 [critical] <0.107.0>@wh_amqp_connection:00000000000:347 unable to establish command channel to amqp://guest:guest@127.0.0.1:5672, assuming connection is invalid: not_connected
2014-08-21 07:58:31.707 [error] <0.106.0> Supervisor {<0.106.0>,amqp_connection_sup} had child connection started with amqp_gen_connection:start_link(<0.107.0>, {amqp_params_network,<<"guest">>,<<"guest">>,<<"/">>,"127.0.0.1",5672,0,0,0,500,none,[#Fun<amqp_uri..>,...],...}) at <0.108.0> exit with reason reached_max_restart_intensity in context shutdown
2014-08-21 07:58:31.713 [error] <0.108.0> Supervisor {<0.108.0>,amqp_connection_sup} had child connection started with amqp_gen_connection:start_link(<0.109.0>, {amqp_params_network,<<"guest">>,<<"guest">>,<<"/">>,"127.0.0.1",5672,0,0,0,500,none,[#Fun<amqp_uri..>,...],...}) at <0.110.0> exit with reason socket_closed_unexpectedly in context child_terminated
2014-08-21 07:58:31.714 [error] <0.108.0> Supervisor {<0.108.0>,amqp_connection_sup} had child connection started with amqp_gen_connection:start_link(<0.109.0>, {amqp_params_network,<<"guest">>,<<"guest">>,<<"/">>,"127.0.0.1",5672,0,0,0,500,none,[#Fun<amqp_uri..>,...],...}) at <0.110.0> exit with reason reached_max_restart_intensity in context shutdown
2014-08-26 00:32:16.345 [error] emulator Error in process <0.4179.0> on node 'whistle_apps@kazoo.viithiisys.com' with exit value: {{nocatch,function_clause},[{cf_exe,'-spawn_cf_module/3-fun-1-',4,[{file,"src/cf_exe.erl"},{line,622}]}]}


2014-08-26 00:32:16.345 [error] <0.4171.0>@cf_exe:cccf0fe8-a77c-1232-26bc-f04da2bd5b56:431 action cf_automatic_cid died unexpectedly: {{nocatch,function_clause},[{cf_exe,'-spawn_cf_module/3-fun-1-',4,[{file,"src/cf_exe.erl"},{line,622}]}]}
